Using pre-set license
Built from '2020.2/release' branch; Version is '2020.2.2f1 (068178b99f32) revision 426360'; Using compiler version '192528614'; Build Type 'Release'
OS: 'Windows 10 Home; OS build 19042.985; Version 2009; 64bit' Language: 'ko' Physical Memory: 8075 MB
BatchMode: 1, IsHumanControllingUs: 0, StartBugReporterOnCrash: 0, Is64bit: 1, IsPro: 0

 COMMAND LINE ARGUMENTS:
C:\Program Files (x86)\2020.2.2f1\Editor\Unity.exe
-adb2
-batchMode
-noUpm
-name
AssetImportWorker0
-projectPath
C:/Users/김태경/Desktop/2dgame
-logFile
Logs/AssetImportWorker0.log
-srvPort
49222
Successfully changed project path to: C:/Users/김태경/Desktop/2dgame
C:/Users/김태경/Desktop/2dgame
Using Asset Import Pipeline V2.
Refreshing native plugins compatible for Editor in 80.20 ms, found 2 plugins.
Preloading 0 native plugins for Editor in 0.00 ms.
Initialize engine version: 2020.2.2f1 (068178b99f32)
[Subsystems] Discovering subsystems at path C:/Program Files (x86)/2020.2.2f1/Editor/Data/Resources/UnitySubsystems
[Subsystems] Discovering subsystems at path C:/Users/김태경/Desktop/2dgame/Assets
GfxDevice: creating device client; threaded=0
Direct3D:
    Version:  Direct3D 11.0 [level 11.1]
    Renderer: NVIDIA GeForce GTX 1060 (ID=0x1c20)
    Vendor:   
    VRAM:     6052 MB
    Driver:   27.21.14.5671
Initialize mono
Mono path[0] = 'C:/Program Files (x86)/2020.2.2f1/Editor/Data/Managed'
Mono path[1] = 'C:/Program Files (x86)/2020.2.2f1/Editor/Data/MonoBleedingEdge/lib/mono/unityjit'
Mono config path = 'C:/Program Files (x86)/2020.2.2f1/Editor/Data/MonoBleedingEdge/etc'
Using monoOptions --debugger-agent=transport=dt_socket,embedding=1,server=y,suspend=n,address=127.0.0.1:56728
Begin MonoManager ReloadAssembly
Registering precompiled unity dll's ...
Register platform support module: C:/Program Files (x86)/2020.2.2f1/Editor/Data/PlaybackEngines/WindowsStandaloneSupport/UnityEditor.WindowsStandalone.Extensions.dll
Registered in 0.007031 seconds.
Native extension for WindowsStandalone target not found
Refreshing native plugins compatible for Editor in 46.69 ms, found 2 plugins.
Preloading 0 native plugins for Editor in 0.00 ms.
Invoked RoslynAnalysisRunner static constructor.
RoslynAnalysisRunner will not be running.
RoslynAnalysisRunner has terminated.
Mono: successfully reloaded assembly
- Completed reload, in  4.028 seconds
Platform modules already initialized, skipping
Registering precompiled user dll's ...
Registered in 0.031224 seconds.
Begin MonoManager ReloadAssembly
Native extension for WindowsStandalone target not found
Refreshing native plugins compatible for Editor in 58.83 ms, found 2 plugins.
Preloading 0 native plugins for Editor in 0.00 ms.
Invoked RoslynAnalysisRunner static constructor.
RoslynAnalysisRunner will not be running.
RoslynAnalysisRunner has terminated.
Mono: successfully reloaded assembly
- Completed reload, in  1.619 seconds
Platform modules already initialized, skipping
========================================================================
Worker process is ready to serve import requests
Launched and connected shader compiler UnityShaderCompiler.exe after 0.09 seconds
Refreshing native plugins compatible for Editor in 0.44 ms, found 2 plugins.
Preloading 0 native plugins for Editor in 0.00 ms.
Unloading 1785 Unused Serialized files (Serialized files now loaded: 0)
System memory in use before: 87.4 MB.
System memory in use after: 87.4 MB.

Unloading 39 unused Assets to reduce memory usage. Loaded Objects now: 2297.
Total: 3.648300 ms (FindLiveObjects: 0.674500 ms CreateObjectMapping: 0.225500 ms MarkObjects: 2.541100 ms  DeleteObjects: 0.203900 ms)

========================================================================
Received Import Request.
  path: Assets/Prefabs/Bullet.prefab
  artifactKey: Guid(0b672dcca2ac32844af49168e2a05c6f) Importer(815301076,1909f56bfc062723c751e8b465ee728b)
Start importing Assets/Prefabs/Bullet.prefab using Guid(0b672dcca2ac32844af49168e2a05c6f) Importer(815301076,1909f56bfc062723c751e8b465ee728b)  -> (artifact id: 'aa7bba342cde09bb971fffb2501c6102') in 0.171623 seconds
  Import took 0.177054 seconds .

========================================================================
Received Import Request.
  Time since last request: 0.016313 seconds.
  path: Assets/Prefabs/Bullet.prefab
  artifactKey: Guid(0b672dcca2ac32844af49168e2a05c6f) Importer(815301076,1909f56bfc062723c751e8b465ee728b)
Start importing Assets/Prefabs/Bullet.prefab using Guid(0b672dcca2ac32844af49168e2a05c6f) Importer(815301076,1909f56bfc062723c751e8b465ee728b)  -> (artifact id: 'aa7bba342cde09bb971fffb2501c6102') in 0.012619 seconds
  Import took 0.017316 seconds .

========================================================================
Received Prepare
Registering precompiled user dll's ...
Registered in 0.036962 seconds.
Begin MonoManager ReloadAssembly
Native extension for WindowsStandalone target not found
Refreshing native plugins compatible for Editor in 0.52 ms, found 2 plugins.
Preloading 0 native plugins for Editor in 0.00 ms.
Invoked RoslynAnalysisRunner static constructor.
RoslynAnalysisRunner will not be running.
RoslynAnalysisRunner has terminated.
Mono: successfully reloaded assembly
- Completed reload, in  2.162 seconds
Platform modules already initialized, skipping
Refreshing native plugins compatible for Editor in 1.45 ms, found 2 plugins.
Preloading 0 native plugins for Editor in 0.00 ms.
Unloading 1780 Unused Serialized files (Serialized files now loaded: 0)
System memory in use before: 90.6 MB.
System memory in use after: 90.6 MB.

Unloading 27 unused Assets to reduce memory usage. Loaded Objects now: 2307.
Total: 4.069600 ms (FindLiveObjects: 0.319400 ms CreateObjectMapping: 0.085500 ms MarkObjects: 3.467800 ms  DeleteObjects: 0.193000 ms)

========================================================================
Received Import Request.
  Time since last request: 7.468463 seconds.
  path: Assets/Prefabs/Bullet.prefab
  artifactKey: Guid(0b672dcca2ac32844af49168e2a05c6f) Importer(815301076,1909f56bfc062723c751e8b465ee728b)
Start importing Assets/Prefabs/Bullet.prefab using Guid(0b672dcca2ac32844af49168e2a05c6f) Importer(815301076,1909f56bfc062723c751e8b465ee728b)  -> (artifact id: 'cb9b0e1d89167f22200f2f0f88c98e91') in 0.117599 seconds
  Import took 0.126779 seconds .

========================================================================
Received Import Request.
  Time since last request: 3.601353 seconds.
  path: Assets/Prefabs/Bullet.prefab
  artifactKey: Guid(0b672dcca2ac32844af49168e2a05c6f) Importer(815301076,1909f56bfc062723c751e8b465ee728b)
Start importing Assets/Prefabs/Bullet.prefab using Guid(0b672dcca2ac32844af49168e2a05c6f) Importer(815301076,1909f56bfc062723c751e8b465ee728b)  -> (artifact id: '3776bd2a8db553eb076e4277fe5b508c') in 0.014284 seconds
  Import took 0.022237 seconds .

========================================================================
Received Import Request.
  Time since last request: 11.471783 seconds.
  path: Assets/Prefabs/Bullet.prefab
  artifactKey: Guid(0b672dcca2ac32844af49168e2a05c6f) Importer(815301076,1909f56bfc062723c751e8b465ee728b)
Start importing Assets/Prefabs/Bullet.prefab using Guid(0b672dcca2ac32844af49168e2a05c6f) Importer(815301076,1909f56bfc062723c751e8b465ee728b)  -> (artifact id: '9b1b2e09117d4f730528b0dc1bb8027a') in 0.014944 seconds
  Import took 0.022014 seconds .

========================================================================
Received Import Request.
  Time since last request: 1.469837 seconds.
  path: Assets/Prefabs/Bullet.prefab
  artifactKey: Guid(0b672dcca2ac32844af49168e2a05c6f) Importer(815301076,1909f56bfc062723c751e8b465ee728b)
Start importing Assets/Prefabs/Bullet.prefab using Guid(0b672dcca2ac32844af49168e2a05c6f) Importer(815301076,1909f56bfc062723c751e8b465ee728b)  -> (artifact id: '2f17d7869642b368a59684fa9cdcdb3a') in 0.016845 seconds
  Import took 0.026073 seconds .

========================================================================
Received Import Request.
  Time since last request: 5.874423 seconds.
  path: Assets/Prefabs/Bullet.prefab
  artifactKey: Guid(0b672dcca2ac32844af49168e2a05c6f) Importer(815301076,1909f56bfc062723c751e8b465ee728b)
Start importing Assets/Prefabs/Bullet.prefab using Guid(0b672dcca2ac32844af49168e2a05c6f) Importer(815301076,1909f56bfc062723c751e8b465ee728b)  -> (artifact id: 'dd7f0f8f058cdfa7033c95ff34354003') in 0.016957 seconds
  Import took 0.023509 seconds .

========================================================================
Received Import Request.
  Time since last request: 7.376568 seconds.
  path: Assets/Prefabs/Bullet.prefab
  artifactKey: Guid(0b672dcca2ac32844af49168e2a05c6f) Importer(815301076,1909f56bfc062723c751e8b465ee728b)
Start importing Assets/Prefabs/Bullet.prefab using Guid(0b672dcca2ac32844af49168e2a05c6f) Importer(815301076,1909f56bfc062723c751e8b465ee728b)  -> (artifact id: 'a4a49eba71a7d67d676111eebdf166f2') in 0.012327 seconds
  Import took 0.017818 seconds .

========================================================================
Received Import Request.
  Time since last request: 3.096685 seconds.
  path: Assets/Prefabs/Bullet.prefab
  artifactKey: Guid(0b672dcca2ac32844af49168e2a05c6f) Importer(815301076,1909f56bfc062723c751e8b465ee728b)
Start importing Assets/Prefabs/Bullet.prefab using Guid(0b672dcca2ac32844af49168e2a05c6f) Importer(815301076,1909f56bfc062723c751e8b465ee728b)  -> (artifact id: '52842cb7332a04da17373b7206ef7a84') in 0.012556 seconds
  Import took 0.018511 seconds .

========================================================================
Received Import Request.
  Time since last request: 3.255159 seconds.
  path: Assets/Prefabs/Bullet.prefab
  artifactKey: Guid(0b672dcca2ac32844af49168e2a05c6f) Importer(815301076,1909f56bfc062723c751e8b465ee728b)
Start importing Assets/Prefabs/Bullet.prefab using Guid(0b672dcca2ac32844af49168e2a05c6f) Importer(815301076,1909f56bfc062723c751e8b465ee728b)  -> (artifact id: '9f182d249f4507042e7b46c3f9757b59') in 0.016630 seconds
  Import took 0.021244 seconds .

========================================================================
Received Import Request.
  Time since last request: 4.292175 seconds.
  path: Assets/Prefabs/Bullet.prefab
  artifactKey: Guid(0b672dcca2ac32844af49168e2a05c6f) Importer(815301076,1909f56bfc062723c751e8b465ee728b)
Start importing Assets/Prefabs/Bullet.prefab using Guid(0b672dcca2ac32844af49168e2a05c6f) Importer(815301076,1909f56bfc062723c751e8b465ee728b)  -> (artifact id: '286af4c9fdea36ee57aab2069555e973') in 0.013860 seconds
  Import took 0.020488 seconds .

========================================================================
Received Import Request.
  Time since last request: 4.293066 seconds.
  path: Assets/Prefabs/Bullet.prefab
  artifactKey: Guid(0b672dcca2ac32844af49168e2a05c6f) Importer(815301076,1909f56bfc062723c751e8b465ee728b)
Start importing Assets/Prefabs/Bullet.prefab using Guid(0b672dcca2ac32844af49168e2a05c6f) Importer(815301076,1909f56bfc062723c751e8b465ee728b)  -> (artifact id: 'c3fbe18dc804e1e5b162c21c1622b431') in 0.018809 seconds
  Import took 0.025151 seconds .

========================================================================
Received Prepare
Registering precompiled user dll's ...
Registered in 0.023270 seconds.
Begin MonoManager ReloadAssembly
Native extension for WindowsStandalone target not found
Refreshing native plugins compatible for Editor in 0.73 ms, found 2 plugins.
Preloading 0 native plugins for Editor in 0.00 ms.
Invoked RoslynAnalysisRunner static constructor.
RoslynAnalysisRunner will not be running.
RoslynAnalysisRunner has terminated.
Mono: successfully reloaded assembly
- Completed reload, in  1.726 seconds
Platform modules already initialized, skipping
Refreshing native plugins compatible for Editor in 0.48 ms, found 2 plugins.
Preloading 0 native plugins for Editor in 0.00 ms.
Unloading 1780 Unused Serialized files (Serialized files now loaded: 0)
System memory in use before: 90.7 MB.
System memory in use after: 90.7 MB.

Unloading 27 unused Assets to reduce memory usage. Loaded Objects now: 2311.
Total: 4.673600 ms (FindLiveObjects: 0.886500 ms CreateObjectMapping: 0.461300 ms MarkObjects: 3.128700 ms  DeleteObjects: 0.193300 ms)

========================================================================
Received Prepare
Registering precompiled user dll's ...
Registered in 0.026411 seconds.
Begin MonoManager ReloadAssembly
Native extension for WindowsStandalone target not found
Refreshing native plugins compatible for Editor in 1.36 ms, found 2 plugins.
Preloading 0 native plugins for Editor in 0.00 ms.
Invoked RoslynAnalysisRunner static constructor.
RoslynAnalysisRunner will not be running.
RoslynAnalysisRunner has terminated.
Mono: successfully reloaded assembly
- Completed reload, in  1.647 seconds
Platform modules already initialized, skipping
Refreshing native plugins compatible for Editor in 0.46 ms, found 2 plugins.
Preloading 0 native plugins for Editor in 0.00 ms.
Unloading 1780 Unused Serialized files (Serialized files now loaded: 0)
System memory in use before: 90.8 MB.
System memory in use after: 90.8 MB.

Unloading 27 unused Assets to reduce memory usage. Loaded Objects now: 2314.
Total: 2.227200 ms (FindLiveObjects: 0.191700 ms CreateObjectMapping: 0.068600 ms MarkObjects: 1.822100 ms  DeleteObjects: 0.143700 ms)

========================================================================
Received Prepare
Registering precompiled user dll's ...
Registered in 0.023079 seconds.
Begin MonoManager ReloadAssembly
Native extension for WindowsStandalone target not found
Refreshing native plugins compatible for Editor in 0.65 ms, found 2 plugins.
Preloading 0 native plugins for Editor in 0.00 ms.
Invoked RoslynAnalysisRunner static constructor.
RoslynAnalysisRunner will not be running.
RoslynAnalysisRunner has terminated.
Mono: successfully reloaded assembly
- Completed reload, in  1.773 seconds
Platform modules already initialized, skipping
Refreshing native plugins compatible for Editor in 0.51 ms, found 2 plugins.
Preloading 0 native plugins for Editor in 0.00 ms.
Unloading 1780 Unused Serialized files (Serialized files now loaded: 0)
System memory in use before: 90.9 MB.
System memory in use after: 90.9 MB.

Unloading 27 unused Assets to reduce memory usage. Loaded Objects now: 2317.
Total: 4.001900 ms (FindLiveObjects: 0.537300 ms CreateObjectMapping: 0.170300 ms MarkObjects: 3.158100 ms  DeleteObjects: 0.134100 ms)

========================================================================
Received Prepare
Registering precompiled user dll's ...
Registered in 0.024228 seconds.
Begin MonoManager ReloadAssembly
Native extension for WindowsStandalone target not found
Refreshing native plugins compatible for Editor in 0.65 ms, found 2 plugins.
Preloading 0 native plugins for Editor in 0.00 ms.
Invoked RoslynAnalysisRunner static constructor.
RoslynAnalysisRunner will not be running.
RoslynAnalysisRunner has terminated.
Mono: successfully reloaded assembly
- Completed reload, in  1.630 seconds
Platform modules already initialized, skipping
Refreshing native plugins compatible for Editor in 0.54 ms, found 2 plugins.
Preloading 0 native plugins for Editor in 0.00 ms.
Unloading 1780 Unused Serialized files (Serialized files now loaded: 0)
System memory in use before: 91.0 MB.
System memory in use after: 91.0 MB.

Unloading 27 unused Assets to reduce memory usage. Loaded Objects now: 2320.
Total: 2.383000 ms (FindLiveObjects: 0.240800 ms CreateObjectMapping: 0.075800 ms MarkObjects: 1.944200 ms  DeleteObjects: 0.121000 ms)

========================================================================
Received Prepare
Registering precompiled user dll's ...
Registered in 0.027784 seconds.
Begin MonoManager ReloadAssembly
Native extension for WindowsStandalone target not found
Refreshing native plugins compatible for Editor in 0.47 ms, found 2 plugins.
Preloading 0 native plugins for Editor in 0.00 ms.
Invoked RoslynAnalysisRunner static constructor.
RoslynAnalysisRunner will not be running.
RoslynAnalysisRunner has terminated.
Mono: successfully reloaded assembly
- Completed reload, in  1.812 seconds
Platform modules already initialized, skipping
Refreshing native plugins compatible for Editor in 0.75 ms, found 2 plugins.
Preloading 0 native plugins for Editor in 0.00 ms.
Unloading 1780 Unused Serialized files (Serialized files now loaded: 0)
System memory in use before: 91.0 MB.
System memory in use after: 91.0 MB.

Unloading 27 unused Assets to reduce memory usage. Loaded Objects now: 2323.
Total: 2.492200 ms (FindLiveObjects: 0.225900 ms CreateObjectMapping: 0.073400 ms MarkObjects: 2.079100 ms  DeleteObjects: 0.112300 ms)

========================================================================
Received Prepare
Registering precompiled user dll's ...
Registered in 0.024258 seconds.
Begin MonoManager ReloadAssembly
Native extension for WindowsStandalone target not found
Refreshing native plugins compatible for Editor in 0.50 ms, found 2 plugins.
Preloading 0 native plugins for Editor in 0.00 ms.
Invoked RoslynAnalysisRunner static constructor.
RoslynAnalysisRunner will not be running.
RoslynAnalysisRunner has terminated.
Mono: successfully reloaded assembly
- Completed reload, in  1.630 seconds
Platform modules already initialized, skipping
Refreshing native plugins compatible for Editor in 0.70 ms, found 2 plugins.
Preloading 0 native plugins for Editor in 0.00 ms.
Unloading 1780 Unused Serialized files (Serialized files now loaded: 0)
System memory in use before: 91.1 MB.
System memory in use after: 91.1 MB.

Unloading 27 unused Assets to reduce memory usage. Loaded Objects now: 2326.
Total: 4.591400 ms (FindLiveObjects: 0.544500 ms CreateObjectMapping: 0.199800 ms MarkObjects: 3.593200 ms  DeleteObjects: 0.250900 ms)

========================================================================
Received Import Request.
  Time since last request: 1307.879432 seconds.
  path: Assets/Scripts/Bullet.cs
  artifactKey: Guid(9ebc86aeb7ef13044a1290881a728ce3) Importer(815301076,1909f56bfc062723c751e8b465ee728b)
Start importing Assets/Scripts/Bullet.cs using Guid(9ebc86aeb7ef13044a1290881a728ce3) Importer(815301076,1909f56bfc062723c751e8b465ee728b)  -> (artifact id: '2b5393097d2eddf3cac7d31bbf8552de') in 0.048498 seconds
  Import took 0.066817 seconds .

========================================================================
Received Prepare
Registering precompiled user dll's ...
Registered in 0.026518 seconds.
Begin MonoManager ReloadAssembly
Native extension for WindowsStandalone target not found
Refreshing native plugins compatible for Editor in 0.86 ms, found 2 plugins.
Preloading 0 native plugins for Editor in 0.00 ms.
Invoked RoslynAnalysisRunner static constructor.
RoslynAnalysisRunner will not be running.
RoslynAnalysisRunner has terminated.
Mono: successfully reloaded assembly
- Completed reload, in  2.794 seconds
Platform modules already initialized, skipping
Refreshing native plugins compatible for Editor in 1.06 ms, found 2 plugins.
Preloading 0 native plugins for Editor in 0.00 ms.
Unloading 1780 Unused Serialized files (Serialized files now loaded: 0)
System memory in use before: 91.2 MB.
System memory in use after: 91.2 MB.

Unloading 27 unused Assets to reduce memory usage. Loaded Objects now: 2329.
Total: 8.723700 ms (FindLiveObjects: 0.493100 ms CreateObjectMapping: 1.170700 ms MarkObjects: 6.915800 ms  DeleteObjects: 0.142100 ms)

========================================================================
Received Prepare
Registering precompiled user dll's ...
Registered in 0.029333 seconds.
Begin MonoManager ReloadAssembly
Native extension for WindowsStandalone target not found
Refreshing native plugins compatible for Editor in 0.61 ms, found 2 plugins.
Preloading 0 native plugins for Editor in 0.00 ms.
Invoked RoslynAnalysisRunner static constructor.
RoslynAnalysisRunner will not be running.
RoslynAnalysisRunner has terminated.
Mono: successfully reloaded assembly
- Completed reload, in  2.027 seconds
Platform modules already initialized, skipping
Refreshing native plugins compatible for Editor in 0.69 ms, found 2 plugins.
Preloading 0 native plugins for Editor in 0.00 ms.
Unloading 1780 Unused Serialized files (Serialized files now loaded: 0)
System memory in use before: 91.3 MB.
System memory in use after: 91.3 MB.

Unloading 27 unused Assets to reduce memory usage. Loaded Objects now: 2332.
Total: 13.471800 ms (FindLiveObjects: 0.614100 ms CreateObjectMapping: 0.196100 ms MarkObjects: 12.219100 ms  DeleteObjects: 0.439600 ms)

========================================================================
Received Prepare
Registering precompiled user dll's ...
Registered in 0.883020 seconds.
Begin MonoManager ReloadAssembly
Native extension for WindowsStandalone target not found
Refreshing native plugins compatible for Editor in 1.01 ms, found 2 plugins.
Preloading 0 native plugins for Editor in 0.00 ms.
Invoked RoslynAnalysisRunner static constructor.
RoslynAnalysisRunner will not be running.
RoslynAnalysisRunner has terminated.
Mono: successfully reloaded assembly
- Completed reload, in  2.521 seconds
Platform modules already initialized, skipping
Refreshing native plugins compatible for Editor in 0.52 ms, found 2 plugins.
Preloading 0 native plugins for Editor in 0.00 ms.
Unloading 1780 Unused Serialized files (Serialized files now loaded: 0)
System memory in use before: 91.4 MB.
System memory in use after: 91.4 MB.

Unloading 27 unused Assets to reduce memory usage. Loaded Objects now: 2335.
Total: 4.087000 ms (FindLiveObjects: 0.989700 ms CreateObjectMapping: 0.199400 ms MarkObjects: 2.727200 ms  DeleteObjects: 0.166600 ms)

========================================================================
Received Prepare
Registering precompiled user dll's ...
Registered in 0.026671 seconds.
Begin MonoManager ReloadAssembly
Native extension for WindowsStandalone target not found
Refreshing native plugins compatible for Editor in 0.45 ms, found 2 plugins.
Preloading 0 native plugins for Editor in 0.00 ms.
Invoked RoslynAnalysisRunner static constructor.
RoslynAnalysisRunner will not be running.
RoslynAnalysisRunner has terminated.
Mono: successfully reloaded assembly
- Completed reload, in  1.691 seconds
Platform modules already initialized, skipping
Refreshing native plugins compatible for Editor in 0.50 ms, found 2 plugins.
Preloading 0 native plugins for Editor in 0.00 ms.
Unloading 1780 Unused Serialized files (Serialized files now loaded: 0)
System memory in use before: 91.5 MB.
System memory in use after: 91.5 MB.

Unloading 27 unused Assets to reduce memory usage. Loaded Objects now: 2338.
Total: 3.304500 ms (FindLiveObjects: 0.513700 ms CreateObjectMapping: 0.156500 ms MarkObjects: 2.470200 ms  DeleteObjects: 0.161800 ms)

AssetImportWorkerClient::OnTransportError - code=2 error=End of file
