Using pre-set license
Built from '2020.2/release' branch; Version is '2020.2.2f1 (068178b99f32) revision 426360'; Using compiler version '192528614'; Build Type 'Release'
OS: 'Windows 10 Home; OS build 19042.928; Version 2009; 64bit' Language: 'ko' Physical Memory: 8075 MB
BatchMode: 1, IsHumanControllingUs: 0, StartBugReporterOnCrash: 0, Is64bit: 1, IsPro: 0

 COMMAND LINE ARGUMENTS:
C:\Program Files (x86)\2020.2.2f1\Editor\Unity.exe
-adb2
-batchMode
-noUpm
-name
AssetImportWorker0
-projectPath
C:/Users/김태경/Desktop/2dgame
-logFile
Logs/AssetImportWorker0.log
-srvPort
62250
Successfully changed project path to: C:/Users/김태경/Desktop/2dgame
C:/Users/김태경/Desktop/2dgame
Using Asset Import Pipeline V2.
Refreshing native plugins compatible for Editor in 68.12 ms, found 2 plugins.
Preloading 0 native plugins for Editor in 0.00 ms.
Initialize engine version: 2020.2.2f1 (068178b99f32)
[Subsystems] Discovering subsystems at path C:/Program Files (x86)/2020.2.2f1/Editor/Data/Resources/UnitySubsystems
[Subsystems] Discovering subsystems at path C:/Users/김태경/Desktop/2dgame/Assets
GfxDevice: creating device client; threaded=0
Direct3D:
    Version:  Direct3D 11.0 [level 11.1]
    Renderer: NVIDIA GeForce GTX 1060 (ID=0x1c20)
    Vendor:   
    VRAM:     6052 MB
    Driver:   27.21.14.5671
Initialize mono
Mono path[0] = 'C:/Program Files (x86)/2020.2.2f1/Editor/Data/Managed'
Mono path[1] = 'C:/Program Files (x86)/2020.2.2f1/Editor/Data/MonoBleedingEdge/lib/mono/unityjit'
Mono config path = 'C:/Program Files (x86)/2020.2.2f1/Editor/Data/MonoBleedingEdge/etc'
Using monoOptions --debugger-agent=transport=dt_socket,embedding=1,server=y,suspend=n,address=127.0.0.1:56688
Begin MonoManager ReloadAssembly
Registering precompiled unity dll's ...
Register platform support module: C:/Program Files (x86)/2020.2.2f1/Editor/Data/PlaybackEngines/WindowsStandaloneSupport/UnityEditor.WindowsStandalone.Extensions.dll
Registered in 0.013382 seconds.
Native extension for WindowsStandalone target not found
Refreshing native plugins compatible for Editor in 46.39 ms, found 2 plugins.
Preloading 0 native plugins for Editor in 0.00 ms.
Invoked RoslynAnalysisRunner static constructor.
RoslynAnalysisRunner will not be running.
RoslynAnalysisRunner has terminated.
Mono: successfully reloaded assembly
- Completed reload, in  3.501 seconds
Platform modules already initialized, skipping
Registering precompiled user dll's ...
Registered in 0.054886 seconds.
Begin MonoManager ReloadAssembly
Native extension for WindowsStandalone target not found
Refreshing native plugins compatible for Editor in 61.64 ms, found 2 plugins.
Preloading 0 native plugins for Editor in 0.00 ms.
Invoked RoslynAnalysisRunner static constructor.
RoslynAnalysisRunner will not be running.
RoslynAnalysisRunner has terminated.
Mono: successfully reloaded assembly
- Completed reload, in  2.070 seconds
Platform modules already initialized, skipping
========================================================================
Worker process is ready to serve import requests
Launched and connected shader compiler UnityShaderCompiler.exe after 0.15 seconds
Refreshing native plugins compatible for Editor in 0.66 ms, found 2 plugins.
Preloading 0 native plugins for Editor in 0.00 ms.
Unloading 1783 Unused Serialized files (Serialized files now loaded: 0)
System memory in use before: 87.2 MB.
System memory in use after: 87.2 MB.

Unloading 39 unused Assets to reduce memory usage. Loaded Objects now: 2294.
Total: 4.851900 ms (FindLiveObjects: 0.864600 ms CreateObjectMapping: 0.462400 ms MarkObjects: 3.294000 ms  DeleteObjects: 0.228400 ms)

========================================================================
Received Import Request.
  path: Assets/ani/Player.controller
  artifactKey: Guid(a437c43eb6623d644a2996ead05a4213) Importer(815301076,1909f56bfc062723c751e8b465ee728b)
Start importing Assets/ani/Player.controller using Guid(a437c43eb6623d644a2996ead05a4213) Importer(815301076,1909f56bfc062723c751e8b465ee728b)  -> (artifact id: '002d3e77e13ea58ac15a34122b830ea5') in 0.105235 seconds
  Import took 0.112592 seconds .

========================================================================
Received Import Request.
  Time since last request: 8.903320 seconds.
  path: Assets/art/player/Player_Jump
  artifactKey: Guid(ab8c2d62ba4066746ad5bc2452a6157c) Importer(815301076,1909f56bfc062723c751e8b465ee728b)
Start importing Assets/art/player/Player_Jump using Guid(ab8c2d62ba4066746ad5bc2452a6157c) Importer(815301076,1909f56bfc062723c751e8b465ee728b)  -> (artifact id: '07e70bce445bd2604e384c638439490c') in 0.015776 seconds
  Import took 0.021004 seconds .

========================================================================
Received Import Request.
  Time since last request: 0.058616 seconds.
  path: Assets/art/player/Player_Jump/Anim_JUMP_01.png
  artifactKey: Guid(e062d847e4e705744bba1e9935257518) Importer(815301076,1909f56bfc062723c751e8b465ee728b)
Start importing Assets/art/player/Player_Jump/Anim_JUMP_01.png using Guid(e062d847e4e705744bba1e9935257518) Importer(815301076,1909f56bfc062723c751e8b465ee728b)  -> (artifact id: '471cda0129e5d966a189884ae9d7dac4') in 0.255017 seconds
  Import took 0.263802 seconds .

========================================================================
Received Import Request.
  Time since last request: 0.000610 seconds.
  path: Assets/art/player/Player_Jump/Anim_JUMP_03.png
  artifactKey: Guid(2d85331de426f0648a6468861eadb548) Importer(815301076,1909f56bfc062723c751e8b465ee728b)
Start importing Assets/art/player/Player_Jump/Anim_JUMP_03.png using Guid(2d85331de426f0648a6468861eadb548) Importer(815301076,1909f56bfc062723c751e8b465ee728b)  -> (artifact id: '155fe344172f0fb82c041be3a1d76eed') in 0.022455 seconds
  Import took 0.033952 seconds .

========================================================================
Received Import Request.
  Time since last request: 0.000638 seconds.
  path: Assets/art/player/Player_Jump/Anim_JUMP_05.png
  artifactKey: Guid(0b6d951b25c61504ba9c10708d53014b) Importer(815301076,1909f56bfc062723c751e8b465ee728b)
Start importing Assets/art/player/Player_Jump/Anim_JUMP_05.png using Guid(0b6d951b25c61504ba9c10708d53014b) Importer(815301076,1909f56bfc062723c751e8b465ee728b)  -> (artifact id: '5f194d9cc5861f102a346c35cdc8cb9b') in 0.042857 seconds
  Import took 0.055814 seconds .

========================================================================
Received Import Request.
  Time since last request: 0.000433 seconds.
  path: Assets/art/player/Player_Jump/Anim_JUMP_02.png
  artifactKey: Guid(3042981767c9ebf4da37535d4bee1616) Importer(815301076,1909f56bfc062723c751e8b465ee728b)
Start importing Assets/art/player/Player_Jump/Anim_JUMP_02.png using Guid(3042981767c9ebf4da37535d4bee1616) Importer(815301076,1909f56bfc062723c751e8b465ee728b)  -> (artifact id: 'b10c6715d244103a54ee8a68ebdda125') in 0.036089 seconds
  Import took 0.044295 seconds .

========================================================================
Received Import Request.
  Time since last request: 0.000617 seconds.
  path: Assets/art/player/Player_Jump/Anim_JUMP_04.png
  artifactKey: Guid(400830433de5481498641aabfcf48590) Importer(815301076,1909f56bfc062723c751e8b465ee728b)
Start importing Assets/art/player/Player_Jump/Anim_JUMP_04.png using Guid(400830433de5481498641aabfcf48590) Importer(815301076,1909f56bfc062723c751e8b465ee728b)  -> (artifact id: '1e53cb6197c53514e2434c86794d26c7') in 0.036246 seconds
  Import took 0.046333 seconds .

========================================================================
Received Import Request.
  Time since last request: 2.390951 seconds.
  path: Assets/art/player/Player_Jump/Anim_JUMP_06.png
  artifactKey: Guid(d4e358a673b3a214196ec7b3335499be) Importer(815301076,1909f56bfc062723c751e8b465ee728b)
Start importing Assets/art/player/Player_Jump/Anim_JUMP_06.png using Guid(d4e358a673b3a214196ec7b3335499be) Importer(815301076,1909f56bfc062723c751e8b465ee728b)  -> (artifact id: '95c0ac6d536775eebc67544b55d7e417') in 0.028588 seconds
  Import took 0.033001 seconds .

========================================================================
Received Import Request.
  Time since last request: 0.008622 seconds.
  path: Assets/art/player/Player_Jump/Anim_JUMP_06.png
  artifactKey: Guid(d4e358a673b3a214196ec7b3335499be) Importer(815301076,1909f56bfc062723c751e8b465ee728b)
Start importing Assets/art/player/Player_Jump/Anim_JUMP_06.png using Guid(d4e358a673b3a214196ec7b3335499be) Importer(815301076,1909f56bfc062723c751e8b465ee728b)  -> (artifact id: '95c0ac6d536775eebc67544b55d7e417') in 0.017776 seconds
  Import took 0.025194 seconds .

========================================================================
Received Import Request.
  Time since last request: 0.707230 seconds.
  path: Assets/art/player/Player_Jump/Anim_JUMP_07.png
  artifactKey: Guid(5886a8b6f36cf3440861bc6ff6cc1fdc) Importer(815301076,1909f56bfc062723c751e8b465ee728b)
Start importing Assets/art/player/Player_Jump/Anim_JUMP_07.png using Guid(5886a8b6f36cf3440861bc6ff6cc1fdc) Importer(815301076,1909f56bfc062723c751e8b465ee728b)  -> (artifact id: '291774bfdfd10d21c074c4a6dcfc05cf') in 0.019057 seconds
  Import took 0.025945 seconds .

========================================================================
Received Import Request.
  Time since last request: 0.592172 seconds.
  path: Assets/art/player/Player_Jump/Anim_JUMP_08.png
  artifactKey: Guid(d5642b86ad9f136479bbcc5be80b9f9a) Importer(815301076,1909f56bfc062723c751e8b465ee728b)
Start importing Assets/art/player/Player_Jump/Anim_JUMP_08.png using Guid(d5642b86ad9f136479bbcc5be80b9f9a) Importer(815301076,1909f56bfc062723c751e8b465ee728b)  -> (artifact id: 'e9b9d571a1a4723f266b6051466579bc') in 0.054760 seconds
  Import took 0.067524 seconds .

========================================================================
Received Import Request.
  Time since last request: 0.000528 seconds.
  path: Assets/art/player/Player_Jump/Anim_JUMP_09.png
  artifactKey: Guid(f716c11c89903c544b78bcabd827e76d) Importer(815301076,1909f56bfc062723c751e8b465ee728b)
Start importing Assets/art/player/Player_Jump/Anim_JUMP_09.png using Guid(f716c11c89903c544b78bcabd827e76d) Importer(815301076,1909f56bfc062723c751e8b465ee728b)  -> (artifact id: 'c22e35291fbea4dc7fab498ad64b14d9') in 0.052730 seconds
  Import took 0.149221 seconds .

========================================================================
Received Import Request.
  Time since last request: 0.129386 seconds.
  path: Assets/art/player/Player_Jump/Anim_JUMP_10.png
  artifactKey: Guid(bf28988099264654ebb9cc996994c26c) Importer(815301076,1909f56bfc062723c751e8b465ee728b)
Start importing Assets/art/player/Player_Jump/Anim_JUMP_10.png using Guid(bf28988099264654ebb9cc996994c26c) Importer(815301076,1909f56bfc062723c751e8b465ee728b)  -> (artifact id: 'd574359bcabf42f2010fb8163cb1a192') in 0.024331 seconds
  Import took 0.036061 seconds .

========================================================================
Received Import Request.
  Time since last request: 0.729909 seconds.
  path: Assets/art/player/Player_Jump/Anim_JUMP_11.png
  artifactKey: Guid(d8ff215029298ac429f33820124d321c) Importer(815301076,1909f56bfc062723c751e8b465ee728b)
Start importing Assets/art/player/Player_Jump/Anim_JUMP_11.png using Guid(d8ff215029298ac429f33820124d321c) Importer(815301076,1909f56bfc062723c751e8b465ee728b)  -> (artifact id: 'cb7992ac1f472279130851c8ef98368f') in 0.029316 seconds
  Import took 0.039450 seconds .

========================================================================
Received Import Request.
  Time since last request: 0.000548 seconds.
  path: Assets/art/player/Player_Jump/Anim_JUMP_12.png
  artifactKey: Guid(5ce5a67d8c0f2be41974a828787af09b) Importer(815301076,1909f56bfc062723c751e8b465ee728b)
Start importing Assets/art/player/Player_Jump/Anim_JUMP_12.png using Guid(5ce5a67d8c0f2be41974a828787af09b) Importer(815301076,1909f56bfc062723c751e8b465ee728b)  -> (artifact id: '908d147609bc0a9c66f3c2321a5d67ef') in 0.032953 seconds
  Import took 0.037664 seconds .

========================================================================
Received Import Request.
  Time since last request: 3.932220 seconds.
  path: Assets/art/player/Player_Jump/Anim_JUMP_16.png
  artifactKey: Guid(22faaac8112443242b82d8814eba572d) Importer(815301076,1909f56bfc062723c751e8b465ee728b)
Start importing Assets/art/player/Player_Jump/Anim_JUMP_16.png using Guid(22faaac8112443242b82d8814eba572d) Importer(815301076,1909f56bfc062723c751e8b465ee728b)  -> (artifact id: 'e239ada0b0192138b644b8efec1283cd') in 0.020436 seconds
  Import took 0.026225 seconds .

========================================================================
Received Import Request.
  Time since last request: 0.876457 seconds.
  path: Assets/art/player/Player_Jump/Anim_JUMP_13.png
  artifactKey: Guid(eabf57a40b4cfc44d8289c41d937798b) Importer(815301076,1909f56bfc062723c751e8b465ee728b)
Start importing Assets/art/player/Player_Jump/Anim_JUMP_13.png using Guid(eabf57a40b4cfc44d8289c41d937798b) Importer(815301076,1909f56bfc062723c751e8b465ee728b)  -> (artifact id: 'cc6064251da846033e4a5e5b228dc923') in 0.027272 seconds
  Import took 0.033316 seconds .

========================================================================
Received Import Request.
  Time since last request: 0.006946 seconds.
  path: Assets/art/player/Player_Jump/Anim_JUMP_13.png
  artifactKey: Guid(eabf57a40b4cfc44d8289c41d937798b) Importer(815301076,1909f56bfc062723c751e8b465ee728b)
Start importing Assets/art/player/Player_Jump/Anim_JUMP_13.png using Guid(eabf57a40b4cfc44d8289c41d937798b) Importer(815301076,1909f56bfc062723c751e8b465ee728b)  -> (artifact id: 'cc6064251da846033e4a5e5b228dc923') in 0.026418 seconds
  Import took 0.034073 seconds .

========================================================================
Received Import Request.
  Time since last request: 0.000430 seconds.
  path: Assets/art/player/Player_Jump/Anim_JUMP_15.png
  artifactKey: Guid(ed6274c4e50bfec44b05128d5ca1bde9) Importer(815301076,1909f56bfc062723c751e8b465ee728b)
Start importing Assets/art/player/Player_Jump/Anim_JUMP_15.png using Guid(ed6274c4e50bfec44b05128d5ca1bde9) Importer(815301076,1909f56bfc062723c751e8b465ee728b)  -> (artifact id: '4683dd94718c77f837963f773f1dc8e1') in 0.030129 seconds
  Import took 0.036323 seconds .

========================================================================
Received Import Request.
  Time since last request: 0.000531 seconds.
  path: Assets/art/player/Player_Jump/Anim_JUMP_14.png
  artifactKey: Guid(1acc34b2c3bf5c84396776fc356631d8) Importer(815301076,1909f56bfc062723c751e8b465ee728b)
Start importing Assets/art/player/Player_Jump/Anim_JUMP_14.png using Guid(1acc34b2c3bf5c84396776fc356631d8) Importer(815301076,1909f56bfc062723c751e8b465ee728b)  -> (artifact id: '28bb47f72ef27eaf9bdd539bde0e1370') in 0.031244 seconds
  Import took 0.046245 seconds .

========================================================================
Received Import Request.
  Time since last request: 0.167570 seconds.
  path: Assets/art/player/Player_Jump/Anim_JUMP_17.png
  artifactKey: Guid(2ecc0e5462146c44589abc8a622b500f) Importer(815301076,1909f56bfc062723c751e8b465ee728b)
Start importing Assets/art/player/Player_Jump/Anim_JUMP_17.png using Guid(2ecc0e5462146c44589abc8a622b500f) Importer(815301076,1909f56bfc062723c751e8b465ee728b)  -> (artifact id: '288d9a353029c59d61e21358e6153a43') in 0.022210 seconds
  Import took 0.028795 seconds .

========================================================================
Received Import Request.
  Time since last request: 0.177532 seconds.
  path: Assets/art/player/Player_Jump/Anim_JUMP_18.png
  artifactKey: Guid(5984a9b0706f5ad44b1eddff3f100309) Importer(815301076,1909f56bfc062723c751e8b465ee728b)
Start importing Assets/art/player/Player_Jump/Anim_JUMP_18.png using Guid(5984a9b0706f5ad44b1eddff3f100309) Importer(815301076,1909f56bfc062723c751e8b465ee728b)  -> (artifact id: 'fb49748c2a1c5304e13fbb9e2976c543') in 0.020175 seconds
  Import took 0.026806 seconds .

========================================================================
Received Import Request.
  Time since last request: 0.060415 seconds.
  path: Assets/art/player/Player_Jump/Anim_JUMP_19.png
  artifactKey: Guid(287aa920d28b9464e8cb53f96aac814e) Importer(815301076,1909f56bfc062723c751e8b465ee728b)
Start importing Assets/art/player/Player_Jump/Anim_JUMP_19.png using Guid(287aa920d28b9464e8cb53f96aac814e) Importer(815301076,1909f56bfc062723c751e8b465ee728b)  -> (artifact id: '5fa7a4beb695d2fbc263bf22b7a13cb0') in 0.020976 seconds
  Import took 0.027433 seconds .

========================================================================
Received Import Request.
  Time since last request: 40.352433 seconds.
  path: Assets/ani/Anim_JUMP_01.controller
  artifactKey: Guid(469a015c26ca7084f9a1278ab945b56e) Importer(815301076,1909f56bfc062723c751e8b465ee728b)
Start importing Assets/ani/Anim_JUMP_01.controller using Guid(469a015c26ca7084f9a1278ab945b56e) Importer(815301076,1909f56bfc062723c751e8b465ee728b)  -> (artifact id: '0056d86e295dc3d5aa0f3b7518e5a522') in 0.008589 seconds
  Import took 0.014357 seconds .

========================================================================
Received Import Request.
  Time since last request: 0.003629 seconds.
  path: Assets/ani/Anim_JUMP_01.controller
  artifactKey: Guid(469a015c26ca7084f9a1278ab945b56e) Importer(815301076,1909f56bfc062723c751e8b465ee728b)
Start importing Assets/ani/Anim_JUMP_01.controller using Guid(469a015c26ca7084f9a1278ab945b56e) Importer(815301076,1909f56bfc062723c751e8b465ee728b)  -> (artifact id: '0056d86e295dc3d5aa0f3b7518e5a522') in 0.009157 seconds
  Import took 0.016633 seconds .

========================================================================
Received Import Request.
  Time since last request: 2.359971 seconds.
  path: Assets/ani/Player_Idle.anim
  artifactKey: Guid(f0222fe69a7971847b626310aeebaa71) Importer(815301076,1909f56bfc062723c751e8b465ee728b)
Start importing Assets/ani/Player_Idle.anim using Guid(f0222fe69a7971847b626310aeebaa71) Importer(815301076,1909f56bfc062723c751e8b465ee728b)  -> (artifact id: '53aea89a30e3a74153b89579e9a43dac') in 0.010923 seconds
  Import took 0.015241 seconds .

========================================================================
Received Import Request.
  Time since last request: 0.010920 seconds.
  path: Assets/ani/Player_Idle.anim
  artifactKey: Guid(f0222fe69a7971847b626310aeebaa71) Importer(815301076,1909f56bfc062723c751e8b465ee728b)
Start importing Assets/ani/Player_Idle.anim using Guid(f0222fe69a7971847b626310aeebaa71) Importer(815301076,1909f56bfc062723c751e8b465ee728b)  -> (artifact id: '53aea89a30e3a74153b89579e9a43dac') in 0.005455 seconds
  Import took 0.009735 seconds .

========================================================================
Received Import Request.
  Time since last request: 2.410224 seconds.
  path: Assets/ani/Player_Jump.anim
  artifactKey: Guid(79cd83652e985f94caf22f4ae1fbceff) Importer(815301076,1909f56bfc062723c751e8b465ee728b)
Start importing Assets/ani/Player_Jump.anim using Guid(79cd83652e985f94caf22f4ae1fbceff) Importer(815301076,1909f56bfc062723c751e8b465ee728b)  -> (artifact id: '59b1d5f27bec2e0d661fa99d6566960f') in 0.007163 seconds
  Import took 0.013148 seconds .

========================================================================
Received Import Request.
  Time since last request: 0.012073 seconds.
  path: Assets/ani/Player_Jump.anim
  artifactKey: Guid(79cd83652e985f94caf22f4ae1fbceff) Importer(815301076,1909f56bfc062723c751e8b465ee728b)
Start importing Assets/ani/Player_Jump.anim using Guid(79cd83652e985f94caf22f4ae1fbceff) Importer(815301076,1909f56bfc062723c751e8b465ee728b)  -> (artifact id: '59b1d5f27bec2e0d661fa99d6566960f') in 0.010487 seconds
  Import took 0.057238 seconds .

========================================================================
Received Import Request.
  Time since last request: 0.868524 seconds.
  path: Assets/ani/Player_Walk.anim
  artifactKey: Guid(5c554cd5c4efa4a4b81fdc90fa4f5f90) Importer(815301076,1909f56bfc062723c751e8b465ee728b)
Start importing Assets/ani/Player_Walk.anim using Guid(5c554cd5c4efa4a4b81fdc90fa4f5f90) Importer(815301076,1909f56bfc062723c751e8b465ee728b)  -> (artifact id: '5df90119eb26b6e858ba0b48f8c6b940') in 0.008472 seconds
  Import took 0.015114 seconds .

========================================================================
Received Import Request.
  Time since last request: 0.007882 seconds.
  path: Assets/ani/Player_Walk.anim
  artifactKey: Guid(5c554cd5c4efa4a4b81fdc90fa4f5f90) Importer(815301076,1909f56bfc062723c751e8b465ee728b)
Start importing Assets/ani/Player_Walk.anim using Guid(5c554cd5c4efa4a4b81fdc90fa4f5f90) Importer(815301076,1909f56bfc062723c751e8b465ee728b)  -> (artifact id: '5df90119eb26b6e858ba0b48f8c6b940') in 0.005589 seconds
  Import took 0.013771 seconds .

========================================================================
Received Prepare
Registering precompiled user dll's ...
Registered in 0.022664 seconds.
Begin MonoManager ReloadAssembly
Native extension for WindowsStandalone target not found
Refreshing native plugins compatible for Editor in 0.78 ms, found 2 plugins.
Preloading 0 native plugins for Editor in 0.00 ms.
Invoked RoslynAnalysisRunner static constructor.
RoslynAnalysisRunner will not be running.
RoslynAnalysisRunner has terminated.
Mono: successfully reloaded assembly
- Completed reload, in  1.520 seconds
Platform modules already initialized, skipping
Refreshing native plugins compatible for Editor in 0.48 ms, found 2 plugins.
Preloading 0 native plugins for Editor in 0.00 ms.
Unloading 1778 Unused Serialized files (Serialized files now loaded: 0)
System memory in use before: 90.4 MB.
System memory in use after: 90.4 MB.

Unloading 27 unused Assets to reduce memory usage. Loaded Objects now: 2303.
Total: 2.882900 ms (FindLiveObjects: 0.689600 ms CreateObjectMapping: 0.129400 ms MarkObjects: 1.885000 ms  DeleteObjects: 0.177400 ms)

========================================================================
Received Prepare
Registering precompiled user dll's ...
Registered in 0.020678 seconds.
Begin MonoManager ReloadAssembly
Native extension for WindowsStandalone target not found
Refreshing native plugins compatible for Editor in 1.27 ms, found 2 plugins.
Preloading 0 native plugins for Editor in 0.00 ms.
Invoked RoslynAnalysisRunner static constructor.
RoslynAnalysisRunner will not be running.
RoslynAnalysisRunner has terminated.
Mono: successfully reloaded assembly
- Completed reload, in  1.777 seconds
Platform modules already initialized, skipping
Refreshing native plugins compatible for Editor in 0.70 ms, found 2 plugins.
Preloading 0 native plugins for Editor in 0.00 ms.
Unloading 1778 Unused Serialized files (Serialized files now loaded: 0)
System memory in use before: 90.5 MB.
System memory in use after: 90.5 MB.

Unloading 27 unused Assets to reduce memory usage. Loaded Objects now: 2306.
Total: 2.844700 ms (FindLiveObjects: 0.595500 ms CreateObjectMapping: 0.175400 ms MarkObjects: 1.904200 ms  DeleteObjects: 0.166000 ms)

========================================================================
Received Prepare
Registering precompiled user dll's ...
Registered in 0.022739 seconds.
Begin MonoManager ReloadAssembly
Native extension for WindowsStandalone target not found
Refreshing native plugins compatible for Editor in 0.77 ms, found 2 plugins.
Preloading 0 native plugins for Editor in 0.00 ms.
Invoked RoslynAnalysisRunner static constructor.
RoslynAnalysisRunner will not be running.
RoslynAnalysisRunner has terminated.
Mono: successfully reloaded assembly
- Completed reload, in  1.586 seconds
Platform modules already initialized, skipping
Refreshing native plugins compatible for Editor in 0.49 ms, found 2 plugins.
Preloading 0 native plugins for Editor in 0.00 ms.
Unloading 1778 Unused Serialized files (Serialized files now loaded: 0)
System memory in use before: 90.6 MB.
System memory in use after: 90.6 MB.

Unloading 27 unused Assets to reduce memory usage. Loaded Objects now: 2309.
Total: 2.856600 ms (FindLiveObjects: 0.452900 ms CreateObjectMapping: 0.193400 ms MarkObjects: 2.039700 ms  DeleteObjects: 0.168600 ms)

========================================================================
Received Prepare
Registering precompiled user dll's ...
Registered in 0.024808 seconds.
Begin MonoManager ReloadAssembly
Native extension for WindowsStandalone target not found
Refreshing native plugins compatible for Editor in 0.46 ms, found 2 plugins.
Preloading 0 native plugins for Editor in 0.00 ms.
Invoked RoslynAnalysisRunner static constructor.
RoslynAnalysisRunner will not be running.
RoslynAnalysisRunner has terminated.
Mono: successfully reloaded assembly
- Completed reload, in  1.614 seconds
Platform modules already initialized, skipping
Refreshing native plugins compatible for Editor in 0.46 ms, found 2 plugins.
Preloading 0 native plugins for Editor in 0.00 ms.
Unloading 1778 Unused Serialized files (Serialized files now loaded: 0)
System memory in use before: 90.7 MB.
System memory in use after: 90.6 MB.

Unloading 27 unused Assets to reduce memory usage. Loaded Objects now: 2312.
Total: 5.596000 ms (FindLiveObjects: 1.853000 ms CreateObjectMapping: 0.654000 ms MarkObjects: 2.970600 ms  DeleteObjects: 0.114800 ms)

========================================================================
Received Import Request.
  Time since last request: 869.774568 seconds.
  path: ProjectSettings/TagManager.asset
  artifactKey: Guid(00000000000000003000000000000000) Importer(815301076,1909f56bfc062723c751e8b465ee728b)
Start importing ProjectSettings/TagManager.asset using Guid(00000000000000003000000000000000) Importer(815301076,1909f56bfc062723c751e8b465ee728b)  -> (artifact id: 'e8c3ab6b558fa7fe7c42e9a55a892947') in 0.025057 seconds
  Import took 0.030654 seconds .

========================================================================
Received Prepare
Registering precompiled user dll's ...
Registered in 0.028467 seconds.
Begin MonoManager ReloadAssembly
Native extension for WindowsStandalone target not found
Refreshing native plugins compatible for Editor in 1.98 ms, found 2 plugins.
Preloading 0 native plugins for Editor in 0.00 ms.
Invoked RoslynAnalysisRunner static constructor.
RoslynAnalysisRunner will not be running.
RoslynAnalysisRunner has terminated.
Mono: successfully reloaded assembly
- Completed reload, in  2.277 seconds
Platform modules already initialized, skipping
Refreshing native plugins compatible for Editor in 1.04 ms, found 2 plugins.
Preloading 0 native plugins for Editor in 0.00 ms.
Unloading 1778 Unused Serialized files (Serialized files now loaded: 0)
System memory in use before: 90.7 MB.
System memory in use after: 90.7 MB.

Unloading 28 unused Assets to reduce memory usage. Loaded Objects now: 2315.
Total: 5.291200 ms (FindLiveObjects: 0.647700 ms CreateObjectMapping: 0.316300 ms MarkObjects: 3.845400 ms  DeleteObjects: 0.477000 ms)

========================================================================
Received Prepare
Registering precompiled user dll's ...
Registered in 0.023634 seconds.
Begin MonoManager ReloadAssembly
Native extension for WindowsStandalone target not found
Refreshing native plugins compatible for Editor in 0.88 ms, found 2 plugins.
Preloading 0 native plugins for Editor in 0.00 ms.
Invoked RoslynAnalysisRunner static constructor.
RoslynAnalysisRunner will not be running.
RoslynAnalysisRunner has terminated.
Mono: successfully reloaded assembly
- Completed reload, in  1.394 seconds
Platform modules already initialized, skipping
Refreshing native plugins compatible for Editor in 0.48 ms, found 2 plugins.
Preloading 0 native plugins for Editor in 0.00 ms.
Unloading 1778 Unused Serialized files (Serialized files now loaded: 0)
System memory in use before: 90.8 MB.
System memory in use after: 90.8 MB.

Unloading 27 unused Assets to reduce memory usage. Loaded Objects now: 2318.
Total: 3.557800 ms (FindLiveObjects: 0.953900 ms CreateObjectMapping: 0.208300 ms MarkObjects: 2.259600 ms  DeleteObjects: 0.132600 ms)

========================================================================
Received Prepare
Registering precompiled user dll's ...
Registered in 0.023708 seconds.
Begin MonoManager ReloadAssembly
Native extension for WindowsStandalone target not found
Refreshing native plugins compatible for Editor in 0.48 ms, found 2 plugins.
Preloading 0 native plugins for Editor in 0.00 ms.
Invoked RoslynAnalysisRunner static constructor.
RoslynAnalysisRunner will not be running.
RoslynAnalysisRunner has terminated.
Mono: successfully reloaded assembly
- Completed reload, in  1.546 seconds
Platform modules already initialized, skipping
Refreshing native plugins compatible for Editor in 0.45 ms, found 2 plugins.
Preloading 0 native plugins for Editor in 0.00 ms.
Unloading 1778 Unused Serialized files (Serialized files now loaded: 0)
System memory in use before: 90.9 MB.
System memory in use after: 90.9 MB.

Unloading 27 unused Assets to reduce memory usage. Loaded Objects now: 2321.
Total: 3.697000 ms (FindLiveObjects: 0.426400 ms CreateObjectMapping: 0.156000 ms MarkObjects: 2.902100 ms  DeleteObjects: 0.206500 ms)

========================================================================
Received Prepare
Registering precompiled user dll's ...
Registered in 0.023285 seconds.
Begin MonoManager ReloadAssembly
Native extension for WindowsStandalone target not found
Refreshing native plugins compatible for Editor in 1.92 ms, found 2 plugins.
Preloading 0 native plugins for Editor in 0.00 ms.
Invoked RoslynAnalysisRunner static constructor.
RoslynAnalysisRunner will not be running.
RoslynAnalysisRunner has terminated.
Mono: successfully reloaded assembly
- Completed reload, in  2.187 seconds
Platform modules already initialized, skipping
Refreshing native plugins compatible for Editor in 0.50 ms, found 2 plugins.
Preloading 0 native plugins for Editor in 0.00 ms.
Unloading 1778 Unused Serialized files (Serialized files now loaded: 0)
System memory in use before: 91.0 MB.
System memory in use after: 91.0 MB.

Unloading 27 unused Assets to reduce memory usage. Loaded Objects now: 2324.
Total: 2.699700 ms (FindLiveObjects: 0.365300 ms CreateObjectMapping: 0.102600 ms MarkObjects: 2.079200 ms  DeleteObjects: 0.149300 ms)

========================================================================
Received Prepare
Registering precompiled user dll's ...
Registered in 0.036260 seconds.
Begin MonoManager ReloadAssembly
Native extension for WindowsStandalone target not found
Refreshing native plugins compatible for Editor in 0.45 ms, found 2 plugins.
Preloading 0 native plugins for Editor in 0.00 ms.
Invoked RoslynAnalysisRunner static constructor.
RoslynAnalysisRunner will not be running.
RoslynAnalysisRunner has terminated.
Mono: successfully reloaded assembly
- Completed reload, in  1.430 seconds
Platform modules already initialized, skipping
Refreshing native plugins compatible for Editor in 0.56 ms, found 2 plugins.
Preloading 0 native plugins for Editor in 0.00 ms.
Unloading 1778 Unused Serialized files (Serialized files now loaded: 0)
System memory in use before: 91.0 MB.
System memory in use after: 91.0 MB.

Unloading 27 unused Assets to reduce memory usage. Loaded Objects now: 2327.
Total: 2.556900 ms (FindLiveObjects: 0.278700 ms CreateObjectMapping: 0.090000 ms MarkObjects: 2.049900 ms  DeleteObjects: 0.136700 ms)

========================================================================
Received Prepare
Registering precompiled user dll's ...
Registered in 0.061416 seconds.
Begin MonoManager ReloadAssembly
Native extension for WindowsStandalone target not found
Refreshing native plugins compatible for Editor in 0.48 ms, found 2 plugins.
Preloading 0 native plugins for Editor in 0.00 ms.
Invoked RoslynAnalysisRunner static constructor.
RoslynAnalysisRunner will not be running.
RoslynAnalysisRunner has terminated.
Mono: successfully reloaded assembly
- Completed reload, in  1.863 seconds
Platform modules already initialized, skipping
Refreshing native plugins compatible for Editor in 1.19 ms, found 2 plugins.
Preloading 0 native plugins for Editor in 0.00 ms.
Unloading 1778 Unused Serialized files (Serialized files now loaded: 0)
System memory in use before: 91.1 MB.
System memory in use after: 91.1 MB.

Unloading 27 unused Assets to reduce memory usage. Loaded Objects now: 2330.
Total: 8.173200 ms (FindLiveObjects: 1.314100 ms CreateObjectMapping: 0.504800 ms MarkObjects: 6.134100 ms  DeleteObjects: 0.217200 ms)

========================================================================
Received Prepare
Registering precompiled user dll's ...
Registered in 0.027661 seconds.
Begin MonoManager ReloadAssembly
Native extension for WindowsStandalone target not found
Refreshing native plugins compatible for Editor in 0.52 ms, found 2 plugins.
Preloading 0 native plugins for Editor in 0.00 ms.
Invoked RoslynAnalysisRunner static constructor.
RoslynAnalysisRunner will not be running.
RoslynAnalysisRunner has terminated.
Mono: successfully reloaded assembly
- Completed reload, in  1.391 seconds
Platform modules already initialized, skipping
Refreshing native plugins compatible for Editor in 0.53 ms, found 2 plugins.
Preloading 0 native plugins for Editor in 0.00 ms.
Unloading 1778 Unused Serialized files (Serialized files now loaded: 0)
System memory in use before: 91.2 MB.
System memory in use after: 91.2 MB.

Unloading 27 unused Assets to reduce memory usage. Loaded Objects now: 2333.
Total: 2.860500 ms (FindLiveObjects: 0.240300 ms CreateObjectMapping: 0.067200 ms MarkObjects: 2.339700 ms  DeleteObjects: 0.212200 ms)

========================================================================
Received Prepare
Registering precompiled user dll's ...
Registered in 0.022090 seconds.
Begin MonoManager ReloadAssembly
Native extension for WindowsStandalone target not found
Refreshing native plugins compatible for Editor in 1.16 ms, found 2 plugins.
Preloading 0 native plugins for Editor in 0.00 ms.
Invoked RoslynAnalysisRunner static constructor.
RoslynAnalysisRunner will not be running.
RoslynAnalysisRunner has terminated.
Mono: successfully reloaded assembly
- Completed reload, in  2.484 seconds
Platform modules already initialized, skipping
Refreshing native plugins compatible for Editor in 0.58 ms, found 2 plugins.
Preloading 0 native plugins for Editor in 0.00 ms.
Unloading 1778 Unused Serialized files (Serialized files now loaded: 0)
System memory in use before: 91.2 MB.
System memory in use after: 91.2 MB.

Unloading 27 unused Assets to reduce memory usage. Loaded Objects now: 2336.
Total: 3.000300 ms (FindLiveObjects: 0.395200 ms CreateObjectMapping: 0.073700 ms MarkObjects: 2.403700 ms  DeleteObjects: 0.126400 ms)

========================================================================
Received Prepare
Registering precompiled user dll's ...
Registered in 0.029231 seconds.
Begin MonoManager ReloadAssembly
Native extension for WindowsStandalone target not found
Refreshing native plugins compatible for Editor in 1.11 ms, found 2 plugins.
Preloading 0 native plugins for Editor in 0.00 ms.
Invoked RoslynAnalysisRunner static constructor.
RoslynAnalysisRunner will not be running.
RoslynAnalysisRunner has terminated.
Mono: successfully reloaded assembly
- Completed reload, in  1.914 seconds
Platform modules already initialized, skipping
Refreshing native plugins compatible for Editor in 0.49 ms, found 2 plugins.
Preloading 0 native plugins for Editor in 0.00 ms.
Unloading 1778 Unused Serialized files (Serialized files now loaded: 0)
System memory in use before: 91.3 MB.
System memory in use after: 91.3 MB.

Unloading 27 unused Assets to reduce memory usage. Loaded Objects now: 2339.
Total: 3.324200 ms (FindLiveObjects: 0.931200 ms CreateObjectMapping: 0.256500 ms MarkObjects: 1.946400 ms  DeleteObjects: 0.188300 ms)

========================================================================
Received Prepare
Registering precompiled user dll's ...
Registered in 0.041029 seconds.
Begin MonoManager ReloadAssembly
Native extension for WindowsStandalone target not found
Refreshing native plugins compatible for Editor in 1.39 ms, found 2 plugins.
Preloading 0 native plugins for Editor in 0.00 ms.
Invoked RoslynAnalysisRunner static constructor.
RoslynAnalysisRunner will not be running.
RoslynAnalysisRunner has terminated.
Mono: successfully reloaded assembly
- Completed reload, in  1.772 seconds
Platform modules already initialized, skipping
Refreshing native plugins compatible for Editor in 0.54 ms, found 2 plugins.
Preloading 0 native plugins for Editor in 0.00 ms.
Unloading 1778 Unused Serialized files (Serialized files now loaded: 0)
System memory in use before: 91.4 MB.
System memory in use after: 91.4 MB.

Unloading 27 unused Assets to reduce memory usage. Loaded Objects now: 2342.
Total: 7.420000 ms (FindLiveObjects: 1.118500 ms CreateObjectMapping: 0.518200 ms MarkObjects: 5.524000 ms  DeleteObjects: 0.254400 ms)

========================================================================
Received Prepare
Registering precompiled user dll's ...
Registered in 0.027082 seconds.
Begin MonoManager ReloadAssembly
Native extension for WindowsStandalone target not found
Refreshing native plugins compatible for Editor in 1.35 ms, found 2 plugins.
Preloading 0 native plugins for Editor in 0.00 ms.
Invoked RoslynAnalysisRunner static constructor.
RoslynAnalysisRunner will not be running.
RoslynAnalysisRunner has terminated.
Mono: successfully reloaded assembly
- Completed reload, in  1.805 seconds
Platform modules already initialized, skipping
Refreshing native plugins compatible for Editor in 1.23 ms, found 2 plugins.
Preloading 0 native plugins for Editor in 0.00 ms.
Unloading 1778 Unused Serialized files (Serialized files now loaded: 0)
System memory in use before: 91.4 MB.
System memory in use after: 91.4 MB.

Unloading 27 unused Assets to reduce memory usage. Loaded Objects now: 2345.
Total: 2.406200 ms (FindLiveObjects: 0.195300 ms CreateObjectMapping: 0.068600 ms MarkObjects: 1.983700 ms  DeleteObjects: 0.157700 ms)

========================================================================
Received Prepare
Registering precompiled user dll's ...
Registered in 0.194649 seconds.
Begin MonoManager ReloadAssembly
Native extension for WindowsStandalone target not found
Refreshing native plugins compatible for Editor in 0.55 ms, found 2 plugins.
Preloading 0 native plugins for Editor in 0.00 ms.
Invoked RoslynAnalysisRunner static constructor.
RoslynAnalysisRunner will not be running.
RoslynAnalysisRunner has terminated.
Mono: successfully reloaded assembly
- Completed reload, in  1.912 seconds
Platform modules already initialized, skipping
Refreshing native plugins compatible for Editor in 0.49 ms, found 2 plugins.
Preloading 0 native plugins for Editor in 0.00 ms.
Unloading 1778 Unused Serialized files (Serialized files now loaded: 0)
System memory in use before: 91.5 MB.
System memory in use after: 91.5 MB.

Unloading 27 unused Assets to reduce memory usage. Loaded Objects now: 2348.
Total: 4.201200 ms (FindLiveObjects: 0.328400 ms CreateObjectMapping: 0.127700 ms MarkObjects: 3.600800 ms  DeleteObjects: 0.142300 ms)

========================================================================
Received Prepare
Registering precompiled user dll's ...
Registered in 0.026440 seconds.
Begin MonoManager ReloadAssembly
Native extension for WindowsStandalone target not found
Refreshing native plugins compatible for Editor in 1.07 ms, found 2 plugins.
Preloading 0 native plugins for Editor in 0.00 ms.
Invoked RoslynAnalysisRunner static constructor.
RoslynAnalysisRunner will not be running.
RoslynAnalysisRunner has terminated.
Mono: successfully reloaded assembly
- Completed reload, in  2.977 seconds
Platform modules already initialized, skipping
Refreshing native plugins compatible for Editor in 0.53 ms, found 2 plugins.
Preloading 0 native plugins for Editor in 0.00 ms.
Unloading 1778 Unused Serialized files (Serialized files now loaded: 0)
System memory in use before: 91.6 MB.
System memory in use after: 91.6 MB.

Unloading 27 unused Assets to reduce memory usage. Loaded Objects now: 2351.
Total: 7.037700 ms (FindLiveObjects: 0.468500 ms CreateObjectMapping: 0.245800 ms MarkObjects: 6.090500 ms  DeleteObjects: 0.229900 ms)

========================================================================
Received Prepare
Registering precompiled user dll's ...
Registered in 0.018512 seconds.
Begin MonoManager ReloadAssembly
Native extension for WindowsStandalone target not found
Refreshing native plugins compatible for Editor in 0.65 ms, found 2 plugins.
Preloading 0 native plugins for Editor in 0.00 ms.
Invoked RoslynAnalysisRunner static constructor.
RoslynAnalysisRunner will not be running.
RoslynAnalysisRunner has terminated.
Mono: successfully reloaded assembly
- Completed reload, in  1.419 seconds
Platform modules already initialized, skipping
Refreshing native plugins compatible for Editor in 0.44 ms, found 2 plugins.
Preloading 0 native plugins for Editor in 0.00 ms.
Unloading 1778 Unused Serialized files (Serialized files now loaded: 0)
System memory in use before: 91.7 MB.
System memory in use after: 91.7 MB.

Unloading 27 unused Assets to reduce memory usage. Loaded Objects now: 2354.
Total: 4.883000 ms (FindLiveObjects: 0.328400 ms CreateObjectMapping: 0.081600 ms MarkObjects: 4.219800 ms  DeleteObjects: 0.250900 ms)

========================================================================
Received Import Request.
  Time since last request: 2155.633839 seconds.
  path: Assets/art/Bullet
  artifactKey: Guid(02c368bd7e9a4b34a9e56df496f74877) Importer(815301076,1909f56bfc062723c751e8b465ee728b)
Start importing Assets/art/Bullet using Guid(02c368bd7e9a4b34a9e56df496f74877) Importer(815301076,1909f56bfc062723c751e8b465ee728b)  -> (artifact id: '03c5a84613849e7543af86131808a8a2') in 0.024758 seconds
  Import took 0.039111 seconds .

========================================================================
Received Import Request.
  Time since last request: 0.007392 seconds.
  path: Assets/art/Bullet
  artifactKey: Guid(02c368bd7e9a4b34a9e56df496f74877) Importer(815301076,1909f56bfc062723c751e8b465ee728b)
Start importing Assets/art/Bullet using Guid(02c368bd7e9a4b34a9e56df496f74877) Importer(815301076,1909f56bfc062723c751e8b465ee728b)  -> (artifact id: '03c5a84613849e7543af86131808a8a2') in 0.009109 seconds
  Import took 0.015756 seconds .

========================================================================
Received Import Request.
  Time since last request: 11.458765 seconds.
  path: Assets/art/Bullet/Bullet.png
  artifactKey: Guid(a4f5586bcc744284da5ddc88ae67e430) Importer(815301076,1909f56bfc062723c751e8b465ee728b)
Start importing Assets/art/Bullet/Bullet.png using Guid(a4f5586bcc744284da5ddc88ae67e430) Importer(815301076,1909f56bfc062723c751e8b465ee728b)  -> (artifact id: '3d074a46657733fb514ece532d8cf0c5') in 0.105928 seconds
  Import took 0.112734 seconds .

========================================================================
Received Import Request.
  Time since last request: 302.123015 seconds.
  path: Assets/Prefab
  artifactKey: Guid(b757580dca4727f4b885b0aa03bceba1) Importer(815301076,1909f56bfc062723c751e8b465ee728b)
Start importing Assets/Prefab using Guid(b757580dca4727f4b885b0aa03bceba1) Importer(815301076,1909f56bfc062723c751e8b465ee728b)  -> (artifact id: '0ea3c58b0e599a5d61bc924a93dbfed9') in 0.008447 seconds
  Import took 0.015179 seconds .

========================================================================
Received Import Request.
  Time since last request: 5.023045 seconds.
  path: Assets/Prefab/Bullet.prefab
  artifactKey: Guid(f8bc9cbb0bb2e4b4d85dcddcf357bb2e) Importer(815301076,1909f56bfc062723c751e8b465ee728b)
Start importing Assets/Prefab/Bullet.prefab using Guid(f8bc9cbb0bb2e4b4d85dcddcf357bb2e) Importer(815301076,1909f56bfc062723c751e8b465ee728b)  -> (artifact id: '04cac20a45864036ce8f21c618c4a0d2') in 0.059160 seconds
  Import took 0.063871 seconds .

========================================================================
Received Import Request.
  Time since last request: 215.422744 seconds.
  path: Assets/Ludiq/Bolt.Core/Generated/Variables/Resources/ApplicationVariables.asset
  artifactKey: Guid(4a42143d5a426a74fb193e24f7ee7274) Importer(815301076,1909f56bfc062723c751e8b465ee728b)
Start importing Assets/Ludiq/Bolt.Core/Generated/Variables/Resources/ApplicationVariables.asset using Guid(4a42143d5a426a74fb193e24f7ee7274) Importer(815301076,1909f56bfc062723c751e8b465ee728b)  -> (artifact id: '0b65cfa70840e25ea9549b5fdfac36b2') in 0.124794 seconds
  Import took 0.131939 seconds .

========================================================================
Received Import Request.
  Time since last request: 0.001360 seconds.
  path: Assets/Ludiq/Bolt.Core/IconMap/Bolt.AnimatorMessageListener.png
  artifactKey: Guid(21763ada12b1de54a9de03382ecdf3fe) Importer(815301076,1909f56bfc062723c751e8b465ee728b)
Start importing Assets/Ludiq/Bolt.Core/IconMap/Bolt.AnimatorMessageListener.png using Guid(21763ada12b1de54a9de03382ecdf3fe) Importer(815301076,1909f56bfc062723c751e8b465ee728b)  -> (artifact id: '43d56648f9dfe8e2ff68e4ace353282a') in 0.029951 seconds
  Import took 0.042832 seconds .

========================================================================
Received Import Request.
  Time since last request: 0.435537 seconds.
  path: Assets/Ludiq/Bolt.Flow/IconMap/Bolt.FlowMachine.png
  artifactKey: Guid(fe5b77214c748b64ba5033f2af1b4c34) Importer(815301076,1909f56bfc062723c751e8b465ee728b)
Start importing Assets/Ludiq/Bolt.Flow/IconMap/Bolt.FlowMachine.png using Guid(fe5b77214c748b64ba5033f2af1b4c34) Importer(815301076,1909f56bfc062723c751e8b465ee728b)  -> (artifact id: 'd628463fd40eccf5f0d221d4cb0ab470') in 0.023136 seconds
  Import took 0.032490 seconds .

========================================================================
Received Import Request.
  Time since last request: 0.000643 seconds.
  path: Assets/Ludiq/Bolt.Core/IconMap/Bolt.GlobalMessageListener.png
  artifactKey: Guid(0129cf6bb23df2f41824eda97d16ee6e) Importer(815301076,1909f56bfc062723c751e8b465ee728b)
Start importing Assets/Ludiq/Bolt.Core/IconMap/Bolt.GlobalMessageListener.png using Guid(0129cf6bb23df2f41824eda97d16ee6e) Importer(815301076,1909f56bfc062723c751e8b465ee728b)  -> (artifact id: '31165b01dff4f8b882a960b85ec45bdc') in 0.033174 seconds
  Import took 0.047974 seconds .

========================================================================
Received Import Request.
  Time since last request: 0.001004 seconds.
  path: Assets/Ludiq/Bolt.Flow/IconMap/Bolt.FlowMacro.png
  artifactKey: Guid(b33b72199830c924da117a3cf9f3b69e) Importer(815301076,1909f56bfc062723c751e8b465ee728b)
Start importing Assets/Ludiq/Bolt.Flow/IconMap/Bolt.FlowMacro.png using Guid(b33b72199830c924da117a3cf9f3b69e) Importer(815301076,1909f56bfc062723c751e8b465ee728b)  -> (artifact id: '3cc38022cbd8bae1aeef73ad2d705aff') in 0.023434 seconds
  Import took 0.035921 seconds .

========================================================================
Received Import Request.
  Time since last request: 0.638287 seconds.
  path: Assets/Ludiq/Bolt.Core/IconMap/Bolt.SceneVariables.png
  artifactKey: Guid(85b733ff25d1eee479a6d510562bd0b2) Importer(815301076,1909f56bfc062723c751e8b465ee728b)
Start importing Assets/Ludiq/Bolt.Core/IconMap/Bolt.SceneVariables.png using Guid(85b733ff25d1eee479a6d510562bd0b2) Importer(815301076,1909f56bfc062723c751e8b465ee728b)  -> (artifact id: '2d69b4e180c7a4dd5fac2a26db258bd4') in 0.020720 seconds
  Import took 0.034029 seconds .

========================================================================
Received Import Request.
  Time since last request: 0.002321 seconds.
  path: Assets/Ludiq/Bolt.Core/IconMap/Bolt.SceneVariables.png
  artifactKey: Guid(85b733ff25d1eee479a6d510562bd0b2) Importer(815301076,1909f56bfc062723c751e8b465ee728b)
Start importing Assets/Ludiq/Bolt.Core/IconMap/Bolt.SceneVariables.png using Guid(85b733ff25d1eee479a6d510562bd0b2) Importer(815301076,1909f56bfc062723c751e8b465ee728b)  -> (artifact id: '2d69b4e180c7a4dd5fac2a26db258bd4') in 0.021444 seconds
  Import took 0.027983 seconds .

========================================================================
Received Import Request.
  Time since last request: 0.260136 seconds.
  path: Assets/Ludiq/Bolt.State/IconMap/Bolt.StateMachine.png
  artifactKey: Guid(78beaf4c6e26bf745b5bc7dfe5d007be) Importer(815301076,1909f56bfc062723c751e8b465ee728b)
Start importing Assets/Ludiq/Bolt.State/IconMap/Bolt.StateMachine.png using Guid(78beaf4c6e26bf745b5bc7dfe5d007be) Importer(815301076,1909f56bfc062723c751e8b465ee728b)  -> (artifact id: '08e642dbd42ab68d6641ba7ac3c70576') in 0.026295 seconds
  Import took 0.036111 seconds .

========================================================================
Received Import Request.
  Time since last request: 0.000632 seconds.
  path: Assets/Ludiq/Bolt.Core/IconMap/Bolt.Variables.png
  artifactKey: Guid(f4241d97facf9bf4881222c2789a4c14) Importer(815301076,1909f56bfc062723c751e8b465ee728b)
Start importing Assets/Ludiq/Bolt.Core/IconMap/Bolt.Variables.png using Guid(f4241d97facf9bf4881222c2789a4c14) Importer(815301076,1909f56bfc062723c751e8b465ee728b)  -> (artifact id: '6bb263a4934eb87b5ec2ecd08fab5709') in 0.032930 seconds
  Import took 0.044420 seconds .

========================================================================
Received Import Request.
  Time since last request: 0.001841 seconds.
  path: Assets/Ludiq/Bolt.Core/IconMap/Bolt.UnityMessageListener.png
  artifactKey: Guid(310bebb331cf47f42b7f0b57b1f5bfcf) Importer(815301076,1909f56bfc062723c751e8b465ee728b)
Start importing Assets/Ludiq/Bolt.Core/IconMap/Bolt.UnityMessageListener.png using Guid(310bebb331cf47f42b7f0b57b1f5bfcf) Importer(815301076,1909f56bfc062723c751e8b465ee728b)  -> (artifact id: '25eea5c9e54fcb15e0feb2f206a832a3') in 0.038956 seconds
  Import took 0.061453 seconds .

========================================================================
Received Import Request.
  Time since last request: 0.001620 seconds.
  path: Assets/Ludiq/Bolt.State/IconMap/Bolt.StateMacro.png
  artifactKey: Guid(b28af3520c9f270429f383116bd0d368) Importer(815301076,1909f56bfc062723c751e8b465ee728b)
Start importing Assets/Ludiq/Bolt.State/IconMap/Bolt.StateMacro.png using Guid(b28af3520c9f270429f383116bd0d368) Importer(815301076,1909f56bfc062723c751e8b465ee728b)  -> (artifact id: 'fef96954292a0fb3cfc22cfc584b8fcb') in 0.045770 seconds
  Import took 0.061048 seconds .

========================================================================
Received Import Request.
  Time since last request: 0.001260 seconds.
  path: Assets/Ludiq/Bolt.Core/IconMap/Bolt.VariablesAsset.png
  artifactKey: Guid(7e1f811eb716b3844aad1127122172ed) Importer(815301076,1909f56bfc062723c751e8b465ee728b)
Start importing Assets/Ludiq/Bolt.Core/IconMap/Bolt.VariablesAsset.png using Guid(7e1f811eb716b3844aad1127122172ed) Importer(815301076,1909f56bfc062723c751e8b465ee728b)  -> (artifact id: '3ee32fda86ab641707689f0af320b840') in 0.035303 seconds
  Import took 0.050956 seconds .

========================================================================
Received Import Request.
  Time since last request: 0.000741 seconds.
  path: Assets/Ludiq/Bolt.Core/IconMap/Bolt.VariablesSaver.png
  artifactKey: Guid(c49720c31a0991d48aa5d1fcf9d6d1a6) Importer(815301076,1909f56bfc062723c751e8b465ee728b)
Start importing Assets/Ludiq/Bolt.Core/IconMap/Bolt.VariablesSaver.png using Guid(c49720c31a0991d48aa5d1fcf9d6d1a6) Importer(815301076,1909f56bfc062723c751e8b465ee728b)  -> (artifact id: 'b9f7c07ba9ca0d7a9d002d9df014a154') in 0.016168 seconds
  Import took 0.026096 seconds .

========================================================================
Received Import Request.
  Time since last request: 445.660792 seconds.
  path: Assets/Macro/bullet.asset
  artifactKey: Guid(ad504cb4aefc4a043a566d7ffabb4b3e) Importer(815301076,1909f56bfc062723c751e8b465ee728b)
Start importing Assets/Macro/bullet.asset using Guid(ad504cb4aefc4a043a566d7ffabb4b3e) Importer(815301076,1909f56bfc062723c751e8b465ee728b)  -> (artifact id: 'bcb79a0b9b7d202dc471abba83bfd20e') in 0.336078 seconds
  Import took 0.344444 seconds .

========================================================================
Received Import Request.
  Time since last request: 0.000300 seconds.
  path: Assets/Macro/Player.asset
  artifactKey: Guid(835f8c8aff5b06e41b38f77c6e46fa7d) Importer(815301076,1909f56bfc062723c751e8b465ee728b)
Start importing Assets/Macro/Player.asset using Guid(835f8c8aff5b06e41b38f77c6e46fa7d) Importer(815301076,1909f56bfc062723c751e8b465ee728b)  -> (artifact id: '92277dd48a5f9be9bea4840cb48087b7') in 0.533076 seconds
  Import took 0.538546 seconds .

========================================================================
Received Import Request.
  Time since last request: 0.000392 seconds.
  path: Assets/Macro/bullet.asset
  artifactKey: Guid(ad504cb4aefc4a043a566d7ffabb4b3e) Importer(815301076,1909f56bfc062723c751e8b465ee728b)
Start importing Assets/Macro/bullet.asset using Guid(ad504cb4aefc4a043a566d7ffabb4b3e) Importer(815301076,1909f56bfc062723c751e8b465ee728b)  -> (artifact id: 'bcb79a0b9b7d202dc471abba83bfd20e') in 0.013450 seconds
  Import took 0.026579 seconds .

========================================================================
Received Import Request.
  Time since last request: 0.000551 seconds.
  path: Assets/Macro/Player.asset
  artifactKey: Guid(835f8c8aff5b06e41b38f77c6e46fa7d) Importer(815301076,1909f56bfc062723c751e8b465ee728b)
Start importing Assets/Macro/Player.asset using Guid(835f8c8aff5b06e41b38f77c6e46fa7d) Importer(815301076,1909f56bfc062723c751e8b465ee728b)  -> (artifact id: '92277dd48a5f9be9bea4840cb48087b7') in 0.012744 seconds
  Import took 0.017633 seconds .

========================================================================
Received Import Request.
  Time since last request: 6.715787 seconds.
  path: Assets/Macro/Bullet.asset
  artifactKey: Guid(ad504cb4aefc4a043a566d7ffabb4b3e) Importer(815301076,1909f56bfc062723c751e8b465ee728b)
Start importing Assets/Macro/Bullet.asset using Guid(ad504cb4aefc4a043a566d7ffabb4b3e) Importer(815301076,1909f56bfc062723c751e8b465ee728b)  -> (artifact id: '05d55604c340bc27978e7dcff775d0bf') in 0.021865 seconds
  Import took 0.027956 seconds .

========================================================================
Received Prepare
Registering precompiled user dll's ...
Registered in 0.023464 seconds.
Begin MonoManager ReloadAssembly
Native extension for WindowsStandalone target not found
Refreshing native plugins compatible for Editor in 0.94 ms, found 2 plugins.
Preloading 0 native plugins for Editor in 0.00 ms.
Invoked RoslynAnalysisRunner static constructor.
RoslynAnalysisRunner will not be running.
RoslynAnalysisRunner has terminated.
Mono: successfully reloaded assembly
- Completed reload, in  1.846 seconds
Platform modules already initialized, skipping
Refreshing native plugins compatible for Editor in 0.83 ms, found 2 plugins.
Preloading 0 native plugins for Editor in 0.00 ms.
Unloading 1778 Unused Serialized files (Serialized files now loaded: 0)
System memory in use before: 91.8 MB.
System memory in use after: 91.8 MB.

Unloading 27 unused Assets to reduce memory usage. Loaded Objects now: 2365.
Total: 4.848100 ms (FindLiveObjects: 0.534500 ms CreateObjectMapping: 0.121900 ms MarkObjects: 3.838900 ms  DeleteObjects: 0.351200 ms)

========================================================================
Received Prepare
Registering precompiled user dll's ...
Registered in 0.038470 seconds.
Begin MonoManager ReloadAssembly
Native extension for WindowsStandalone target not found
Refreshing native plugins compatible for Editor in 0.61 ms, found 2 plugins.
Preloading 0 native plugins for Editor in 0.00 ms.
Invoked RoslynAnalysisRunner static constructor.
RoslynAnalysisRunner will not be running.
RoslynAnalysisRunner has terminated.
Mono: successfully reloaded assembly
- Completed reload, in  1.948 seconds
Platform modules already initialized, skipping
Refreshing native plugins compatible for Editor in 0.85 ms, found 2 plugins.
Preloading 0 native plugins for Editor in 0.00 ms.
Unloading 1778 Unused Serialized files (Serialized files now loaded: 0)
System memory in use before: 91.9 MB.
System memory in use after: 91.9 MB.

Unloading 27 unused Assets to reduce memory usage. Loaded Objects now: 2368.
Total: 6.026900 ms (FindLiveObjects: 1.986600 ms CreateObjectMapping: 0.784100 ms MarkObjects: 3.013100 ms  DeleteObjects: 0.239000 ms)

========================================================================
Received Prepare
Registering precompiled user dll's ...
Registered in 0.029405 seconds.
Begin MonoManager ReloadAssembly
Native extension for WindowsStandalone target not found
Refreshing native plugins compatible for Editor in 0.47 ms, found 2 plugins.
Preloading 0 native plugins for Editor in 0.00 ms.
Invoked RoslynAnalysisRunner static constructor.
RoslynAnalysisRunner will not be running.
RoslynAnalysisRunner has terminated.
Mono: successfully reloaded assembly
- Completed reload, in  1.862 seconds
Platform modules already initialized, skipping
Refreshing native plugins compatible for Editor in 1.33 ms, found 2 plugins.
Preloading 0 native plugins for Editor in 0.00 ms.
Unloading 1778 Unused Serialized files (Serialized files now loaded: 0)
System memory in use before: 91.9 MB.
System memory in use after: 91.9 MB.

Unloading 27 unused Assets to reduce memory usage. Loaded Objects now: 2371.
Total: 3.079500 ms (FindLiveObjects: 0.936900 ms CreateObjectMapping: 0.097200 ms MarkObjects: 1.827200 ms  DeleteObjects: 0.215100 ms)

========================================================================
Received Prepare
Registering precompiled user dll's ...
Registered in 0.020893 seconds.
Begin MonoManager ReloadAssembly
Native extension for WindowsStandalone target not found
Refreshing native plugins compatible for Editor in 0.89 ms, found 2 plugins.
Preloading 0 native plugins for Editor in 0.00 ms.
Invoked RoslynAnalysisRunner static constructor.
RoslynAnalysisRunner will not be running.
RoslynAnalysisRunner has terminated.
Mono: successfully reloaded assembly
- Completed reload, in  2.236 seconds
Platform modules already initialized, skipping
Refreshing native plugins compatible for Editor in 0.90 ms, found 2 plugins.
Preloading 0 native plugins for Editor in 0.00 ms.
Unloading 1778 Unused Serialized files (Serialized files now loaded: 0)
System memory in use before: 92.0 MB.
System memory in use after: 92.0 MB.

Unloading 27 unused Assets to reduce memory usage. Loaded Objects now: 2374.
Total: 4.218300 ms (FindLiveObjects: 0.439800 ms CreateObjectMapping: 0.128400 ms MarkObjects: 3.443900 ms  DeleteObjects: 0.203200 ms)

========================================================================
Received Prepare
Registering precompiled user dll's ...
Registered in 0.054350 seconds.
Begin MonoManager ReloadAssembly
Native extension for WindowsStandalone target not found
Refreshing native plugins compatible for Editor in 0.52 ms, found 2 plugins.
Preloading 0 native plugins for Editor in 0.00 ms.
Invoked RoslynAnalysisRunner static constructor.
RoslynAnalysisRunner will not be running.
RoslynAnalysisRunner has terminated.
Mono: successfully reloaded assembly
- Completed reload, in  3.247 seconds
Platform modules already initialized, skipping
Refreshing native plugins compatible for Editor in 1.49 ms, found 2 plugins.
Preloading 0 native plugins for Editor in 0.00 ms.
Unloading 1778 Unused Serialized files (Serialized files now loaded: 0)
System memory in use before: 92.1 MB.
System memory in use after: 92.1 MB.

Unloading 27 unused Assets to reduce memory usage. Loaded Objects now: 2377.
Total: 5.368000 ms (FindLiveObjects: 0.674300 ms CreateObjectMapping: 0.380800 ms MarkObjects: 4.130600 ms  DeleteObjects: 0.179500 ms)

========================================================================
Received Import Request.
  Time since last request: 1406.340425 seconds.
  path: Assets/Prefabs/Bullet.prefab
  artifactKey: Guid(f8bc9cbb0bb2e4b4d85dcddcf357bb2e) Importer(815301076,1909f56bfc062723c751e8b465ee728b)
Start importing Assets/Prefabs/Bullet.prefab using Guid(f8bc9cbb0bb2e4b4d85dcddcf357bb2e) Importer(815301076,1909f56bfc062723c751e8b465ee728b)  -> (artifact id: '4b25e13a9c99aaeec31a84d37414c33e') in 0.608690 seconds
  Import took 0.620733 seconds .

========================================================================
Received Import Request.
  Time since last request: 0.018915 seconds.
  path: Assets/Prefabs/Bullet.prefab
  artifactKey: Guid(f8bc9cbb0bb2e4b4d85dcddcf357bb2e) Importer(815301076,1909f56bfc062723c751e8b465ee728b)
Start importing Assets/Prefabs/Bullet.prefab using Guid(f8bc9cbb0bb2e4b4d85dcddcf357bb2e) Importer(815301076,1909f56bfc062723c751e8b465ee728b)  -> (artifact id: '4b25e13a9c99aaeec31a84d37414c33e') in 0.031663 seconds
  Import took 0.042964 seconds .

========================================================================
Received Prepare
Registering precompiled user dll's ...
Registered in 0.044850 seconds.
Begin MonoManager ReloadAssembly
Native extension for WindowsStandalone target not found
Refreshing native plugins compatible for Editor in 0.46 ms, found 2 plugins.
Preloading 0 native plugins for Editor in 0.00 ms.
Invoked RoslynAnalysisRunner static constructor.
RoslynAnalysisRunner will not be running.
RoslynAnalysisRunner has terminated.
Mono: successfully reloaded assembly
- Completed reload, in  1.726 seconds
Platform modules already initialized, skipping
Refreshing native plugins compatible for Editor in 0.72 ms, found 2 plugins.
Preloading 0 native plugins for Editor in 0.00 ms.
Unloading 1778 Unused Serialized files (Serialized files now loaded: 0)
System memory in use before: 92.2 MB.
System memory in use after: 92.2 MB.

Unloading 27 unused Assets to reduce memory usage. Loaded Objects now: 2381.
Total: 3.245300 ms (FindLiveObjects: 0.393100 ms CreateObjectMapping: 0.097800 ms MarkObjects: 2.616500 ms  DeleteObjects: 0.135100 ms)

========================================================================
Received Prepare
Registering precompiled user dll's ...
Registered in 0.024370 seconds.
Begin MonoManager ReloadAssembly
Native extension for WindowsStandalone target not found
Refreshing native plugins compatible for Editor in 2.19 ms, found 2 plugins.
Preloading 0 native plugins for Editor in 0.00 ms.
Invoked RoslynAnalysisRunner static constructor.
RoslynAnalysisRunner will not be running.
RoslynAnalysisRunner has terminated.
Mono: successfully reloaded assembly
- Completed reload, in  1.749 seconds
Platform modules already initialized, skipping
Refreshing native plugins compatible for Editor in 0.48 ms, found 2 plugins.
Preloading 0 native plugins for Editor in 0.00 ms.
Unloading 1778 Unused Serialized files (Serialized files now loaded: 0)
System memory in use before: 92.2 MB.
System memory in use after: 92.2 MB.

Unloading 27 unused Assets to reduce memory usage. Loaded Objects now: 2384.
Total: 3.874500 ms (FindLiveObjects: 0.283700 ms CreateObjectMapping: 0.116700 ms MarkObjects: 3.218600 ms  DeleteObjects: 0.253100 ms)

========================================================================
Received Prepare
Registering precompiled user dll's ...
Registered in 0.021974 seconds.
Begin MonoManager ReloadAssembly
Native extension for WindowsStandalone target not found
Refreshing native plugins compatible for Editor in 0.46 ms, found 2 plugins.
Preloading 0 native plugins for Editor in 0.00 ms.
Invoked RoslynAnalysisRunner static constructor.
RoslynAnalysisRunner will not be running.
RoslynAnalysisRunner has terminated.
Mono: successfully reloaded assembly
- Completed reload, in  1.987 seconds
Platform modules already initialized, skipping
Refreshing native plugins compatible for Editor in 0.83 ms, found 2 plugins.
Preloading 0 native plugins for Editor in 0.00 ms.
Unloading 1778 Unused Serialized files (Serialized files now loaded: 0)
System memory in use before: 92.3 MB.
System memory in use after: 92.3 MB.

Unloading 27 unused Assets to reduce memory usage. Loaded Objects now: 2387.
Total: 4.989200 ms (FindLiveObjects: 0.276300 ms CreateObjectMapping: 0.114200 ms MarkObjects: 4.402400 ms  DeleteObjects: 0.191900 ms)

========================================================================
Received Prepare
Registering precompiled user dll's ...
Registered in 0.028861 seconds.
Begin MonoManager ReloadAssembly
Native extension for WindowsStandalone target not found
Refreshing native plugins compatible for Editor in 0.47 ms, found 2 plugins.
Preloading 0 native plugins for Editor in 0.00 ms.
Invoked RoslynAnalysisRunner static constructor.
RoslynAnalysisRunner will not be running.
RoslynAnalysisRunner has terminated.
Mono: successfully reloaded assembly
- Completed reload, in  2.096 seconds
Platform modules already initialized, skipping
Refreshing native plugins compatible for Editor in 1.10 ms, found 2 plugins.
Preloading 0 native plugins for Editor in 0.00 ms.
Unloading 1778 Unused Serialized files (Serialized files now loaded: 0)
System memory in use before: 92.4 MB.
System memory in use after: 92.4 MB.

Unloading 27 unused Assets to reduce memory usage. Loaded Objects now: 2390.
Total: 6.298100 ms (FindLiveObjects: 0.468200 ms CreateObjectMapping: 0.183500 ms MarkObjects: 5.119500 ms  DeleteObjects: 0.519700 ms)

========================================================================
Received Prepare
Registering precompiled user dll's ...
Registered in 0.021983 seconds.
Begin MonoManager ReloadAssembly
Native extension for WindowsStandalone target not found
Refreshing native plugins compatible for Editor in 0.52 ms, found 2 plugins.
Preloading 0 native plugins for Editor in 0.00 ms.
Invoked RoslynAnalysisRunner static constructor.
RoslynAnalysisRunner will not be running.
RoslynAnalysisRunner has terminated.
Mono: successfully reloaded assembly
- Completed reload, in  1.755 seconds
Platform modules already initialized, skipping
Refreshing native plugins compatible for Editor in 1.01 ms, found 2 plugins.
Preloading 0 native plugins for Editor in 0.00 ms.
Unloading 1778 Unused Serialized files (Serialized files now loaded: 0)
System memory in use before: 92.4 MB.
System memory in use after: 92.4 MB.

Unloading 27 unused Assets to reduce memory usage. Loaded Objects now: 2393.
Total: 4.443000 ms (FindLiveObjects: 0.411600 ms CreateObjectMapping: 0.325500 ms MarkObjects: 3.476400 ms  DeleteObjects: 0.223300 ms)

========================================================================
Received Prepare
Registering precompiled user dll's ...
Registered in 0.031380 seconds.
Begin MonoManager ReloadAssembly
Native extension for WindowsStandalone target not found
Refreshing native plugins compatible for Editor in 0.56 ms, found 2 plugins.
Preloading 0 native plugins for Editor in 0.00 ms.
Invoked RoslynAnalysisRunner static constructor.
RoslynAnalysisRunner will not be running.
RoslynAnalysisRunner has terminated.
Mono: successfully reloaded assembly
- Completed reload, in  1.911 seconds
Platform modules already initialized, skipping
Refreshing native plugins compatible for Editor in 0.49 ms, found 2 plugins.
Preloading 0 native plugins for Editor in 0.00 ms.
Unloading 1778 Unused Serialized files (Serialized files now loaded: 0)
System memory in use before: 92.5 MB.
System memory in use after: 92.5 MB.

Unloading 27 unused Assets to reduce memory usage. Loaded Objects now: 2396.
Total: 9.713900 ms (FindLiveObjects: 1.697400 ms CreateObjectMapping: 0.742600 ms MarkObjects: 5.949100 ms  DeleteObjects: 1.316600 ms)

========================================================================
Received Prepare
Registering precompiled user dll's ...
Registered in 0.033064 seconds.
Begin MonoManager ReloadAssembly
Native extension for WindowsStandalone target not found
Refreshing native plugins compatible for Editor in 0.92 ms, found 2 plugins.
Preloading 0 native plugins for Editor in 0.00 ms.
Invoked RoslynAnalysisRunner static constructor.
RoslynAnalysisRunner will not be running.
RoslynAnalysisRunner has terminated.
Mono: successfully reloaded assembly
- Completed reload, in  1.848 seconds
Platform modules already initialized, skipping
Refreshing native plugins compatible for Editor in 0.49 ms, found 2 plugins.
Preloading 0 native plugins for Editor in 0.00 ms.
Unloading 1778 Unused Serialized files (Serialized files now loaded: 0)
System memory in use before: 92.6 MB.
System memory in use after: 92.6 MB.

Unloading 27 unused Assets to reduce memory usage. Loaded Objects now: 2399.
Total: 4.471800 ms (FindLiveObjects: 0.523700 ms CreateObjectMapping: 0.142800 ms MarkObjects: 3.596400 ms  DeleteObjects: 0.207100 ms)

========================================================================
Received Prepare
Registering precompiled user dll's ...
Registered in 0.020814 seconds.
Begin MonoManager ReloadAssembly
Native extension for WindowsStandalone target not found
Refreshing native plugins compatible for Editor in 0.71 ms, found 2 plugins.
Preloading 0 native plugins for Editor in 0.00 ms.
Invoked RoslynAnalysisRunner static constructor.
RoslynAnalysisRunner will not be running.
RoslynAnalysisRunner has terminated.
Mono: successfully reloaded assembly
- Completed reload, in  1.612 seconds
Platform modules already initialized, skipping
Refreshing native plugins compatible for Editor in 0.52 ms, found 2 plugins.
Preloading 0 native plugins for Editor in 0.00 ms.
Unloading 1778 Unused Serialized files (Serialized files now loaded: 0)
System memory in use before: 92.6 MB.
System memory in use after: 92.6 MB.

Unloading 27 unused Assets to reduce memory usage. Loaded Objects now: 2402.
Total: 2.966400 ms (FindLiveObjects: 0.370100 ms CreateObjectMapping: 0.139200 ms MarkObjects: 2.281600 ms  DeleteObjects: 0.173500 ms)

========================================================================
Received Prepare
Registering precompiled user dll's ...
Registered in 0.022017 seconds.
Begin MonoManager ReloadAssembly
Native extension for WindowsStandalone target not found
Refreshing native plugins compatible for Editor in 1.60 ms, found 2 plugins.
Preloading 0 native plugins for Editor in 0.00 ms.
Invoked RoslynAnalysisRunner static constructor.
RoslynAnalysisRunner will not be running.
RoslynAnalysisRunner has terminated.
Mono: successfully reloaded assembly
- Completed reload, in  1.698 seconds
Platform modules already initialized, skipping
Refreshing native plugins compatible for Editor in 0.57 ms, found 2 plugins.
Preloading 0 native plugins for Editor in 0.00 ms.
Unloading 1778 Unused Serialized files (Serialized files now loaded: 0)
System memory in use before: 91.7 MB.
System memory in use after: 91.7 MB.

Unloading 27 unused Assets to reduce memory usage. Loaded Objects now: 2405.
Total: 2.485400 ms (FindLiveObjects: 0.186900 ms CreateObjectMapping: 0.066700 ms MarkObjects: 2.072700 ms  DeleteObjects: 0.157700 ms)

========================================================================
Received Prepare
Registering precompiled user dll's ...
Registered in 0.020742 seconds.
Begin MonoManager ReloadAssembly
Native extension for WindowsStandalone target not found
Refreshing native plugins compatible for Editor in 1.09 ms, found 2 plugins.
Preloading 0 native plugins for Editor in 0.00 ms.
Invoked RoslynAnalysisRunner static constructor.
RoslynAnalysisRunner will not be running.
RoslynAnalysisRunner has terminated.
Mono: successfully reloaded assembly
- Completed reload, in  1.609 seconds
Platform modules already initialized, skipping
Refreshing native plugins compatible for Editor in 0.47 ms, found 2 plugins.
Preloading 0 native plugins for Editor in 0.00 ms.
Unloading 1778 Unused Serialized files (Serialized files now loaded: 0)
System memory in use before: 91.8 MB.
System memory in use after: 91.8 MB.

Unloading 27 unused Assets to reduce memory usage. Loaded Objects now: 2408.
Total: 3.377500 ms (FindLiveObjects: 0.428400 ms CreateObjectMapping: 0.131500 ms MarkObjects: 2.669900 ms  DeleteObjects: 0.145300 ms)

========================================================================
Received Prepare
Registering precompiled user dll's ...
Registered in 0.023966 seconds.
Begin MonoManager ReloadAssembly
Native extension for WindowsStandalone target not found
Refreshing native plugins compatible for Editor in 2.01 ms, found 2 plugins.
Preloading 0 native plugins for Editor in 0.00 ms.
Invoked RoslynAnalysisRunner static constructor.
RoslynAnalysisRunner will not be running.
RoslynAnalysisRunner has terminated.
Mono: successfully reloaded assembly
- Completed reload, in  1.574 seconds
Platform modules already initialized, skipping
Refreshing native plugins compatible for Editor in 0.48 ms, found 2 plugins.
Preloading 0 native plugins for Editor in 0.00 ms.
Unloading 1778 Unused Serialized files (Serialized files now loaded: 0)
System memory in use before: 91.9 MB.
System memory in use after: 91.9 MB.

Unloading 27 unused Assets to reduce memory usage. Loaded Objects now: 2411.
Total: 3.127200 ms (FindLiveObjects: 0.231500 ms CreateObjectMapping: 0.087400 ms MarkObjects: 2.639700 ms  DeleteObjects: 0.166600 ms)

========================================================================
Received Prepare
Registering precompiled user dll's ...
Registered in 0.022236 seconds.
Begin MonoManager ReloadAssembly
Native extension for WindowsStandalone target not found
Refreshing native plugins compatible for Editor in 0.76 ms, found 2 plugins.
Preloading 0 native plugins for Editor in 0.00 ms.
Invoked RoslynAnalysisRunner static constructor.
RoslynAnalysisRunner will not be running.
RoslynAnalysisRunner has terminated.
Mono: successfully reloaded assembly
- Completed reload, in  1.450 seconds
Platform modules already initialized, skipping
Refreshing native plugins compatible for Editor in 1.14 ms, found 2 plugins.
Preloading 0 native plugins for Editor in 0.00 ms.
Unloading 1778 Unused Serialized files (Serialized files now loaded: 0)
System memory in use before: 91.9 MB.
System memory in use after: 91.9 MB.

Unloading 27 unused Assets to reduce memory usage. Loaded Objects now: 2414.
Total: 2.874200 ms (FindLiveObjects: 0.517900 ms CreateObjectMapping: 0.199400 ms MarkObjects: 1.988200 ms  DeleteObjects: 0.167500 ms)

========================================================================
Received Prepare
Registering precompiled user dll's ...
Registered in 0.033628 seconds.
Begin MonoManager ReloadAssembly
Native extension for WindowsStandalone target not found
Refreshing native plugins compatible for Editor in 2.50 ms, found 2 plugins.
Preloading 0 native plugins for Editor in 0.00 ms.
Invoked RoslynAnalysisRunner static constructor.
RoslynAnalysisRunner will not be running.
RoslynAnalysisRunner has terminated.
Mono: successfully reloaded assembly
- Completed reload, in  1.923 seconds
Platform modules already initialized, skipping
Refreshing native plugins compatible for Editor in 0.73 ms, found 2 plugins.
Preloading 0 native plugins for Editor in 0.00 ms.
Unloading 1778 Unused Serialized files (Serialized files now loaded: 0)
System memory in use before: 92.0 MB.
System memory in use after: 92.0 MB.

Unloading 27 unused Assets to reduce memory usage. Loaded Objects now: 2417.
Total: 2.690800 ms (FindLiveObjects: 0.288200 ms CreateObjectMapping: 0.073500 ms MarkObjects: 2.073600 ms  DeleteObjects: 0.254700 ms)

========================================================================
Received Prepare
Registering precompiled user dll's ...
Registered in 0.025972 seconds.
Begin MonoManager ReloadAssembly
Native extension for WindowsStandalone target not found
Refreshing native plugins compatible for Editor in 1.08 ms, found 2 plugins.
Preloading 0 native plugins for Editor in 0.00 ms.
Invoked RoslynAnalysisRunner static constructor.
RoslynAnalysisRunner will not be running.
RoslynAnalysisRunner has terminated.
Mono: successfully reloaded assembly
- Completed reload, in  1.786 seconds
Platform modules already initialized, skipping
Refreshing native plugins compatible for Editor in 0.49 ms, found 2 plugins.
Preloading 0 native plugins for Editor in 0.00 ms.
Unloading 1778 Unused Serialized files (Serialized files now loaded: 0)
System memory in use before: 92.1 MB.
System memory in use after: 92.1 MB.

Unloading 27 unused Assets to reduce memory usage. Loaded Objects now: 2420.
Total: 2.754500 ms (FindLiveObjects: 0.552400 ms CreateObjectMapping: 0.130500 ms MarkObjects: 1.932100 ms  DeleteObjects: 0.137900 ms)

========================================================================
Received Prepare
Registering precompiled user dll's ...
Registered in 0.051553 seconds.
Begin MonoManager ReloadAssembly
Native extension for WindowsStandalone target not found
Refreshing native plugins compatible for Editor in 1.10 ms, found 2 plugins.
Preloading 0 native plugins for Editor in 0.00 ms.
Invoked RoslynAnalysisRunner static constructor.
RoslynAnalysisRunner will not be running.
RoslynAnalysisRunner has terminated.
Mono: successfully reloaded assembly
- Completed reload, in  1.967 seconds
Platform modules already initialized, skipping
Refreshing native plugins compatible for Editor in 0.51 ms, found 2 plugins.
Preloading 0 native plugins for Editor in 0.00 ms.
Unloading 1778 Unused Serialized files (Serialized files now loaded: 0)
System memory in use before: 92.1 MB.
System memory in use after: 92.1 MB.

Unloading 27 unused Assets to reduce memory usage. Loaded Objects now: 2423.
Total: 5.007700 ms (FindLiveObjects: 0.739100 ms CreateObjectMapping: 0.218200 ms MarkObjects: 3.870200 ms  DeleteObjects: 0.179000 ms)

AssetImportWorkerClient::OnTransportError - code=2 error=End of file
